#
# There is insufficient memory for the Java Runtime Environment to continue.
# Native memory allocation (malloc) failed to allocate 1080336 bytes. Error detail: Chunk::new
# Possible reasons:
#   The system is out of physical RAM or swap space
#   This process is running with CompressedOops enabled, and the Java Heap may be blocking the growth of the native heap
# Possible solutions:
#   Reduce memory load on the system
#   Increase physical memory or swap space
#   Check if swap backing store is full
#   Decrease Java heap size (-Xmx/-Xms)
#   Decrease number of Java threads
#   Decrease Java thread stack sizes (-Xss)
#   Set larger code cache with -XX:ReservedCodeCacheSize=
#   JVM is running with Unscaled Compressed Oops mode in which the Java heap is
#     placed in the first 4GB address space. The Java Heap base address is the
#     maximum limit for the native heap growth. Please use -XX:HeapBaseMinAddress
#     to set the Java Heap base and to place the Java Heap above 4GB virtual address.
# This output file may be truncated or incomplete.
#
#  Out of Memory Error (arena.cpp:168), pid=21060, tid=7540
#
# JRE version: OpenJDK Runtime Environment Temurin-21.0.9+10 (21.0.9+10) (build 21.0.9+10-LTS)
# Java VM: OpenJDK 64-Bit Server VM Temurin-21.0.9+10 (21.0.9+10-LTS, mixed mode, sharing, tiered, compressed oops, compressed class ptrs, parallel gc, windows-amd64)
# No core dump will be written. Minidumps are not enabled by default on client versions of Windows
#

---------------  S U M M A R Y ------------

Command Line: --add-modules=ALL-SYSTEM --add-opens=java.base/java.util=ALL-UNNAMED --add-opens=java.base/java.lang=ALL-UNNAMED --add-opens=java.base/sun.nio.fs=ALL-UNNAMED -Declipse.application=org.eclipse.jdt.ls.core.id1 -Dosgi.bundles.defaultStartLevel=4 -Declipse.product=org.eclipse.jdt.ls.core.product -Djava.import.generatesMetadataFilesAtProjectRoot=false -DDetectVMInstallationsJob.disabled=true -Dfile.encoding=utf8 -XX:+UseParallelGC -XX:GCTimeRatio=4 -XX:AdaptiveSizePolicyWeight=90 -Dsun.zip.disableMemoryMapping=true -Xmx2G -Xms100m -Xlog:disable -javaagent:c:\Users\Diksha pathak\.vscode\extensions\redhat.java-1.51.0-win32-x64\lombok\lombok-1.18.39-4050.jar -XX:+HeapDumpOnOutOfMemoryError -XX:HeapDumpPath=c:\Users\Diksha pathak\AppData\Roaming\Code\User\workspaceStorage\f3a4fa44ba94903f58649837180ef355\redhat.java -Daether.dependencyCollector.impl=bf c:\Users\Diksha pathak\.vscode\extensions\redhat.java-1.51.0-win32-x64\server\plugins\org.eclipse.equinox.launcher_1.7.100.v20251111-0406.jar -configuration c:\Users\Diksha pathak\AppData\Roaming\Code\User\globalStorage\redhat.java\1.51.0\config_win -data c:\Users\Diksha pathak\AppData\Roaming\Code\User\workspaceStorage\f3a4fa44ba94903f58649837180ef355\redhat.java\jdt_ws --pipe=\\.\pipe\lsp-bfaa6ee5a82a2cd200495de7d6738441-sock

Host: 12th Gen Intel(R) Core(TM) i5-12450H, 12 cores, 11G,  Windows 11 , 64 bit Build 26100 (10.0.26100.5074)
Time: Wed Jan 21 11:31:22 2026 India Standard Time elapsed time: 782.513709 seconds (0d 0h 13m 2s)

---------------  T H R E A D  ---------------

Current thread (0x000001f598bd2ab0):  JavaThread "C2 CompilerThread0" daemon [_thread_in_native, id=7540, stack(0x0000000d33b00000,0x0000000d33c00000) (1024K)]


Current CompileTask:
C2:782514 21480   !   4       org.eclipse.jdt.internal.compiler.ast.ConstructorDeclaration::internalGenerateCode (837 bytes)

Stack: [0x0000000d33b00000,0x0000000d33c00000]
Native frames: (J=compiled Java code, j=interpreted, Vv=VM code, C=native code)
V  [jvm.dll+0x6d6e29]
V  [jvm.dll+0x8b4b76]
V  [jvm.dll+0x8b712e]
V  [jvm.dll+0x8b7813]
V  [jvm.dll+0x283d86]
V  [jvm.dll+0xc66ed]
V  [jvm.dll+0xc6c31]
V  [jvm.dll+0x3be501]
V  [jvm.dll+0x38ab92]
V  [jvm.dll+0x389fda]
V  [jvm.dll+0x24bfa0]
V  [jvm.dll+0x24b580]
V  [jvm.dll+0x1cb13e]
V  [jvm.dll+0x25b29d]
V  [jvm.dll+0x25982a]
V  [jvm.dll+0x3f7ea6]
V  [jvm.dll+0x85e9ad]
V  [jvm.dll+0x6d565d]
C  [ucrtbase.dll+0x37b0]
C  [KERNEL32.DLL+0x2e8d7]
C  [ntdll.dll+0x8d9c]


---------------  P R O C E S S  ---------------

Threads class SMR info:
_java_thread_list=0x000001f59e3ae900, length=67, elements={
0x000001f53f2573a0, 0x000001f53f20d380, 0x000001f53f20e190, 0x000001f598bcab60,
0x000001f598bcb5b0, 0x000001f598bcd4c0, 0x000001f598bd13e0, 0x000001f598bd2ab0,
0x000001f598be1740, 0x000001f598e3c4f0, 0x000001f59d0100c0, 0x000001f59d6de2c0,
0x000001f59d77ec10, 0x000001f59d6bd7f0, 0x000001f59d6be220, 0x000001f59e006530,
0x000001f59df3f620, 0x000001f59e1ff350, 0x000001f59e2c68a0, 0x000001f59e180230,
0x000001f59e17e7f0, 0x000001f59e17f510, 0x000001f59e17fba0, 0x000001f59e17cdb0,
0x000001f59e91a4e0, 0x000001f59e917060, 0x000001f59e9176f0, 0x000001f59e917d80,
0x000001f59e918410, 0x000001f59e918aa0, 0x000001f59e919130, 0x000001f59e9197c0,
0x000001f5a094b360, 0x000001f5a094ee70, 0x000001f5a094e7e0, 0x000001f5a094b9f0,
0x000001f5a094dac0, 0x000001f5a0952980, 0x000001f5a0951c60, 0x000001f59e37de40,
0x000001f59e37c400, 0x000001f59e37b6e0, 0x000001f59e37ca90, 0x000001f59e37bd70,
0x000001f59e37a9c0, 0x000001f59e37d7b0, 0x000001f59e37e4d0, 0x000001f59d35a610,
0x000001f59d35c6e0, 0x000001f59d359260, 0x000001f59d35aca0, 0x000001f59d35b330,
0x000001f59d35b9c0, 0x000001f59d35c050, 0x000001f59d35cd70, 0x000001f59d3598f0,
0x000001f59ffde210, 0x000001f59ffdad90, 0x000001f59ffde8a0, 0x000001f59ffdce60,
0x000001f59ffdef30, 0x000001f59ffdbab0, 0x000001f59ffdfc50, 0x000001f59e37b050,
0x000001f59e381fe0, 0x000001f59e380c30, 0x000001f59e37f880
}

Java Threads: ( => current thread )
  0x000001f53f2573a0 JavaThread "main"                              [_thread_blocked, id=22100, stack(0x0000000d33100000,0x0000000d33200000) (1024K)]
  0x000001f53f20d380 JavaThread "Reference Handler"          daemon [_thread_blocked, id=16148, stack(0x0000000d33500000,0x0000000d33600000) (1024K)]
  0x000001f53f20e190 JavaThread "Finalizer"                  daemon [_thread_blocked, id=13112, stack(0x0000000d33600000,0x0000000d33700000) (1024K)]
  0x000001f598bcab60 JavaThread "Signal Dispatcher"          daemon [_thread_blocked, id=26140, stack(0x0000000d33700000,0x0000000d33800000) (1024K)]
  0x000001f598bcb5b0 JavaThread "Attach Listener"            daemon [_thread_blocked, id=13048, stack(0x0000000d33800000,0x0000000d33900000) (1024K)]
  0x000001f598bcd4c0 JavaThread "Service Thread"             daemon [_thread_blocked, id=25024, stack(0x0000000d33900000,0x0000000d33a00000) (1024K)]
  0x000001f598bd13e0 JavaThread "Monitor Deflation Thread"   daemon [_thread_blocked, id=22348, stack(0x0000000d33a00000,0x0000000d33b00000) (1024K)]
=>0x000001f598bd2ab0 JavaThread "C2 CompilerThread0"         daemon [_thread_in_native, id=7540, stack(0x0000000d33b00000,0x0000000d33c00000) (1024K)]
  0x000001f598be1740 JavaThread "C1 CompilerThread0"         daemon [_thread_blocked, id=21548, stack(0x0000000d33c00000,0x0000000d33d00000) (1024K)]
  0x000001f598e3c4f0 JavaThread "Common-Cleaner"             daemon [_thread_blocked, id=23792, stack(0x0000000d33d00000,0x0000000d33e00000) (1024K)]
  0x000001f59d0100c0 JavaThread "Notification Thread"        daemon [_thread_blocked, id=25048, stack(0x0000000d33f00000,0x0000000d34000000) (1024K)]
  0x000001f59d6de2c0 JavaThread "Active Thread: Equinox Container: 62656d13-ae9a-4f78-9076-41f90115529a"        [_thread_blocked, id=22444, stack(0x0000000d34700000,0x0000000d34800000) (1024K)]
  0x000001f59d77ec10 JavaThread "Refresh Thread: Equinox Container: 62656d13-ae9a-4f78-9076-41f90115529a" daemon [_thread_blocked, id=22436, stack(0x0000000d34900000,0x0000000d34a00000) (1024K)]
  0x000001f59d6bd7f0 JavaThread "Framework Event Dispatcher: Equinox Container: 62656d13-ae9a-4f78-9076-41f90115529a" daemon [_thread_blocked, id=7008, stack(0x0000000d34a00000,0x0000000d34b00000) (1024K)]
  0x000001f59d6be220 JavaThread "Start Level: Equinox Container: 62656d13-ae9a-4f78-9076-41f90115529a" daemon [_thread_blocked, id=24440, stack(0x0000000d34b00000,0x0000000d34c00000) (1024K)]
  0x000001f59e006530 JavaThread "Bundle File Closer"         daemon [_thread_blocked, id=1444, stack(0x0000000d34e00000,0x0000000d34f00000) (1024K)]
  0x000001f59df3f620 JavaThread "SCR Component Actor"        daemon [_thread_blocked, id=17516, stack(0x0000000d34f00000,0x0000000d35000000) (1024K)]
  0x000001f59e1ff350 JavaThread "Worker-JM"                         [_thread_blocked, id=24424, stack(0x0000000d35000000,0x0000000d35100000) (1024K)]
  0x000001f59e2c68a0 JavaThread "JNA Cleaner"                daemon [_thread_blocked, id=2628, stack(0x0000000d34000000,0x0000000d34100000) (1024K)]
  0x000001f59e180230 JavaThread "Java indexing"              daemon [_thread_blocked, id=6452, stack(0x0000000d35500000,0x0000000d35600000) (1024K)]
  0x000001f59e17e7f0 JavaThread "Thread-1"                   daemon [_thread_in_native, id=25336, stack(0x0000000d35900000,0x0000000d35a00000) (1024K)]
  0x000001f59e17f510 JavaThread "Thread-2"                   daemon [_thread_in_native, id=25304, stack(0x0000000d35a00000,0x0000000d35b00000) (1024K)]
  0x000001f59e17fba0 JavaThread "Thread-3"                   daemon [_thread_in_native, id=9700, stack(0x0000000d35b00000,0x0000000d35c00000) (1024K)]
  0x000001f59e17cdb0 JavaThread "Thread-4"                   daemon [_thread_in_native, id=12896, stack(0x0000000d35c00000,0x0000000d35d00000) (1024K)]
  0x000001f59e91a4e0 JavaThread "Thread-5"                   daemon [_thread_in_native, id=9240, stack(0x0000000d35d00000,0x0000000d35e00000) (1024K)]
  0x000001f59e917060 JavaThread "Thread-6"                   daemon [_thread_in_native, id=10940, stack(0x0000000d35e00000,0x0000000d35f00000) (1024K)]
  0x000001f59e9176f0 JavaThread "Thread-7"                   daemon [_thread_in_native, id=5316, stack(0x0000000d35f00000,0x0000000d36000000) (1024K)]
  0x000001f59e917d80 JavaThread "Thread-8"                   daemon [_thread_in_native, id=14208, stack(0x0000000d36000000,0x0000000d36100000) (1024K)]
  0x000001f59e918410 JavaThread "Thread-9"                   daemon [_thread_in_native, id=7760, stack(0x0000000d36100000,0x0000000d36200000) (1024K)]
  0x000001f59e918aa0 JavaThread "Thread-10"                  daemon [_thread_in_native, id=16816, stack(0x0000000d36200000,0x0000000d36300000) (1024K)]
  0x000001f59e919130 JavaThread "Thread-11"                  daemon [_thread_in_native, id=13464, stack(0x0000000d36300000,0x0000000d36400000) (1024K)]
  0x000001f59e9197c0 JavaThread "Thread-12"                  daemon [_thread_blocked, id=12740, stack(0x0000000d36500000,0x0000000d36600000) (1024K)]
  0x000001f5a094b360 JavaThread "Thread-13"                  daemon [_thread_in_native, id=26384, stack(0x0000000d36600000,0x0000000d36700000) (1024K)]
  0x000001f5a094ee70 JavaThread "pool-2-thread-1"                   [_thread_blocked, id=23412, stack(0x0000000d36700000,0x0000000d36800000) (1024K)]
  0x000001f5a094e7e0 JavaThread "Worker-5"                          [_thread_blocked, id=19140, stack(0x0000000d36800000,0x0000000d36900000) (1024K)]
  0x000001f5a094b9f0 JavaThread "WorkspaceEventsHandler"            [_thread_blocked, id=25168, stack(0x0000000d36900000,0x0000000d36a00000) (1024K)]
  0x000001f5a094dac0 JavaThread "pool-1-thread-1"                   [_thread_blocked, id=22608, stack(0x0000000d36a00000,0x0000000d36b00000) (1024K)]
  0x000001f5a0952980 JavaThread "Compiler Source File Reader" daemon [_thread_blocked, id=16664, stack(0x0000000d37700000,0x0000000d37800000) (1024K)]
  0x000001f5a0951c60 JavaThread "Compiler Source File Reader" daemon [_thread_blocked, id=26548, stack(0x0000000d37800000,0x0000000d37900000) (1024K)]
  0x000001f59e37de40 JavaThread "Compiler Source File Reader" daemon [_thread_blocked, id=18664, stack(0x0000000d37900000,0x0000000d37a00000) (1024K)]
  0x000001f59e37c400 JavaThread "Compiler Source File Reader" daemon [_thread_blocked, id=16952, stack(0x0000000d37a00000,0x0000000d37b00000) (1024K)]
  0x000001f59e37b6e0 JavaThread "Compiler Source File Reader" daemon [_thread_blocked, id=24344, stack(0x0000000d37b00000,0x0000000d37c00000) (1024K)]
  0x000001f59e37ca90 JavaThread "Compiler Source File Reader" daemon [_thread_blocked, id=1884, stack(0x0000000d37c00000,0x0000000d37d00000) (1024K)]
  0x000001f59e37bd70 JavaThread "Compiler Source File Reader" daemon [_thread_blocked, id=6916, stack(0x0000000d37d00000,0x0000000d37e00000) (1024K)]
  0x000001f59e37a9c0 JavaThread "Compiler Source File Reader" daemon [_thread_blocked, id=2608, stack(0x0000000d37e00000,0x0000000d37f00000) (1024K)]
  0x000001f59e37d7b0 JavaThread "Compiler Source File Reader" daemon [_thread_blocked, id=23584, stack(0x0000000d37f00000,0x0000000d38000000) (1024K)]
  0x000001f59e37e4d0 JavaThread "Compiler Source File Reader" daemon [_thread_blocked, id=18152, stack(0x0000000d38000000,0x0000000d38100000) (1024K)]
  0x000001f59d35a610 JavaThread "ForkJoinPool.commonPool-worker-1" daemon [_thread_blocked, id=25748, stack(0x0000000d38d00000,0x0000000d38e00000) (1024K)]
  0x000001f59d35c6e0 JavaThread "ForkJoinPool.commonPool-worker-2" daemon [_thread_blocked, id=3248, stack(0x0000000d38e00000,0x0000000d38f00000) (1024K)]
  0x000001f59d359260 JavaThread "ForkJoinPool.commonPool-worker-3" daemon [_thread_blocked, id=24496, stack(0x0000000d38f00000,0x0000000d39000000) (1024K)]
  0x000001f59d35aca0 JavaThread "ForkJoinPool.commonPool-worker-4" daemon [_thread_blocked, id=15040, stack(0x0000000d39000000,0x0000000d39100000) (1024K)]
  0x000001f59d35b330 JavaThread "ForkJoinPool.commonPool-worker-5" daemon [_thread_blocked, id=23608, stack(0x0000000d39100000,0x0000000d39200000) (1024K)]
  0x000001f59d35b9c0 JavaThread "ForkJoinPool.commonPool-worker-6" daemon [_thread_blocked, id=8748, stack(0x0000000d39200000,0x0000000d39300000) (1024K)]
  0x000001f59d35c050 JavaThread "ForkJoinPool.commonPool-worker-7" daemon [_thread_blocked, id=15108, stack(0x0000000d39300000,0x0000000d39400000) (1024K)]
  0x000001f59d35cd70 JavaThread "ForkJoinPool.commonPool-worker-8" daemon [_thread_blocked, id=7544, stack(0x0000000d39400000,0x0000000d39500000) (1024K)]
  0x000001f59d3598f0 JavaThread "Cleaner-0"                  daemon [_thread_blocked, id=1652, stack(0x0000000d39500000,0x0000000d39600000) (1024K)]
  0x000001f59ffde210 JavaThread "Java Debug Server"          daemon [_thread_in_native, id=23924, stack(0x0000000d32e00000,0x0000000d32f00000) (1024K)]
  0x000001f59ffdad90 JavaThread "RxSchedulerPurge-1"         daemon [_thread_blocked, id=9132, stack(0x0000000d33000000,0x0000000d33100000) (1024K)]
  0x000001f59ffde8a0 JavaThread "RxCachedWorkerPoolEvictor-1" daemon [_thread_blocked, id=7204, stack(0x0000000d33e00000,0x0000000d33f00000) (1024K)]
  0x000001f59ffdce60 JavaThread "ForkJoinPool.commonPool-worker-9" daemon [_thread_blocked, id=4612, stack(0x0000000d32f00000,0x0000000d33000000) (1024K)]
  0x000001f59ffdef30 JavaThread "ForkJoinPool.commonPool-worker-10" daemon [_thread_blocked, id=18908, stack(0x0000000d35300000,0x0000000d35400000) (1024K)]
  0x000001f59ffdbab0 JavaThread "ForkJoinPool.commonPool-worker-11" daemon [_thread_blocked, id=7192, stack(0x0000000d35200000,0x0000000d35300000) (1024K)]
  0x000001f59ffdfc50 JavaThread "Worker-7"                          [_thread_blocked, id=26592, stack(0x0000000d35100000,0x0000000d35200000) (1024K)]
  0x000001f59e37b050 JavaThread "Worker-9"                          [_thread_blocked, id=9416, stack(0x0000000d35400000,0x0000000d35500000) (1024K)]
  0x000001f59e381fe0 JavaThread "Compiler Processing Task"   daemon [_thread_blocked, id=22520, stack(0x0000000d35600000,0x0000000d35700000) (1024K)]
  0x000001f59e380c30 JavaThread "Worker-10"                         [_thread_blocked, id=18392, stack(0x0000000d35700000,0x0000000d35800000) (1024K)]
  0x000001f59e37f880 JavaThread "pool-1-thread-4"                   [_thread_blocked, id=16244, stack(0x0000000d35800000,0x0000000d35900000) (1024K)]
Total: 67

Other Threads:
  0x000001f53f31eb80 VMThread "VM Thread"                           [id=10976, stack(0x0000000d33400000,0x0000000d33500000) (1024K)]
  0x000001f53f0eca00 WatcherThread "VM Periodic Task Thread"        [id=26432, stack(0x0000000d33300000,0x0000000d33400000) (1024K)]
  0x000001f53f276180 WorkerThread "GC Thread#0"                     [id=424, stack(0x0000000d33200000,0x0000000d33300000) (1024K)]
  0x000001f59d3e57b0 WorkerThread "GC Thread#1"                     [id=10788, stack(0x0000000d34100000,0x0000000d34200000) (1024K)]
  0x000001f59dba84d0 WorkerThread "GC Thread#2"                     [id=6972, stack(0x0000000d34200000,0x0000000d34300000) (1024K)]
  0x000001f59dba8870 WorkerThread "GC Thread#3"                     [id=5680, stack(0x0000000d34300000,0x0000000d34400000) (1024K)]
  0x000001f59dba8c10 WorkerThread "GC Thread#4"                     [id=4344, stack(0x0000000d34400000,0x0000000d34500000) (1024K)]
  0x000001f59d34c450 WorkerThread "GC Thread#5"                     [id=12596, stack(0x0000000d34500000,0x0000000d34600000) (1024K)]
  0x000001f59d34c7f0 WorkerThread "GC Thread#6"                     [id=12376, stack(0x0000000d34600000,0x0000000d34700000) (1024K)]
  0x000001f59d7c1150 WorkerThread "GC Thread#7"                     [id=3912, stack(0x0000000d34800000,0x0000000d34900000) (1024K)]
  0x000001f59d7bfb90 WorkerThread "GC Thread#8"                     [id=14496, stack(0x0000000d34c00000,0x0000000d34d00000) (1024K)]
  0x000001f59d7bff30 WorkerThread "GC Thread#9"                     [id=23200, stack(0x0000000d34d00000,0x0000000d34e00000) (1024K)]
Total: 12

Threads with active compile tasks:
C2 CompilerThread0  782548 21480   !   4       org.eclipse.jdt.internal.compiler.ast.ConstructorDeclaration::internalGenerateCode (837 bytes)
Total: 1

VM state: at safepoint (normal execution)

VM Mutex/Monitor currently owned by a thread:  ([mutex/lock_event])
[0x00007fff1c98d570] Threads_lock - owner thread: 0x000001f53f31eb80
[0x00007fff1c98d670] Heap_lock - owner thread: 0x000001f59e180230

Heap address: 0x0000000080000000, size: 2048 MB, Compressed Oops mode: 32-bit

CDS archive(s) mapped at: [0x000001f556000000-0x000001f556ba0000-0x000001f556ba0000), size 12189696, SharedBaseAddress: 0x000001f556000000, ArchiveRelocationMode: 1.
Compressed class space mapped at: 0x000001f557000000-0x000001f597000000, reserved size: 1073741824
Narrow klass base: 0x000001f556000000, Narrow klass shift: 0, Narrow klass range: 0x100000000

GC Precious Log:
 CardTable entry size: 512
 CPUs: 12 total, 12 available
 Memory: 12021M
 Large Page Support: Disabled
 NUMA Support: Disabled
 Compressed Oops: Enabled (32-bit)
 Alignments: Space 512K, Generation 512K, Heap 2M
 Heap Min Capacity: 100M
 Heap Initial Capacity: 100M
 Heap Max Capacity: 2G
 Pre-touch: Disabled
 Parallel Workers: 10

Heap:
 PSYoungGen      total 4096K, used 500K [0x00000000d5580000, 0x00000000d5d00000, 0x0000000100000000)
  eden space 3584K, 0% used [0x00000000d5580000,0x00000000d5580000,0x00000000d5900000)
  from space 512K, 97% used [0x00000000d5c00000,0x00000000d5c7d2e0,0x00000000d5c80000)
  to   space 512K, 0% used [0x00000000d5c80000,0x00000000d5c80000,0x00000000d5d00000)
 ParOldGen       total 1019904K, used 138107K [0x0000000080000000, 0x00000000be400000, 0x00000000d5580000)
  object space 1019904K, 13% used [0x0000000080000000,0x00000000886def88,0x00000000be400000)
 Metaspace       used 85748K, committed 87488K, reserved 1179648K
  class space    used 8750K, committed 9536K, reserved 1048576K

Card table byte_map: [0x000001f53ec00000,0x000001f53f010000] _byte_map_base: 0x000001f53e800000

Marking Bits: (ParMarkBitMap*) 0x00007fff1c992460
 Begin Bits: [0x000001f551710000, 0x000001f553710000)
 End Bits:   [0x000001f553710000, 0x000001f555710000)

Polling page: 0x000001f53d070000

Metaspace:

Usage:
  Non-class:     75.19 MB used.
      Class:      8.55 MB used.
       Both:     83.74 MB used.

Virtual space:
  Non-class space:      128.00 MB reserved,      76.12 MB ( 59%) committed,  2 nodes.
      Class space:        1.00 GB reserved,       9.31 MB ( <1%) committed,  1 nodes.
             Both:        1.12 GB reserved,      85.44 MB (  7%) committed. 

Chunk freelists:
   Non-Class:  3.89 MB
       Class:  6.73 MB
        Both:  10.62 MB

MaxMetaspaceSize: unlimited
CompressedClassSpaceSize: 1.00 GB
Initial GC threshold: 21.00 MB
Current GC threshold: 142.44 MB
CDS: on
 - commit_granule_bytes: 65536.
 - commit_granule_words: 8192.
 - virtual_space_node_default_size: 8388608.
 - enlarge_chunks_in_place: 1.
 - use_allocation_guard: 0.


Internal statistics:

num_allocs_failed_limit: 11.
num_arena_births: 1624.
num_arena_deaths: 14.
num_vsnodes_births: 3.
num_vsnodes_deaths: 0.
num_space_committed: 1367.
num_space_uncommitted: 0.
num_chunks_returned_to_freelist: 25.
num_chunks_taken_from_freelist: 6137.
num_chunk_merges: 17.
num_chunk_splits: 3626.
num_chunks_enlarged: 1867.
num_inconsistent_stats: 0.

CodeHeap 'non-profiled nmethods': size=120000Kb used=19497Kb max_used=21744Kb free=100502Kb
 bounds [0x000001f549f30000, 0x000001f54b470000, 0x000001f551460000]
CodeHeap 'profiled nmethods': size=120000Kb used=42063Kb max_used=50642Kb free=77936Kb
 bounds [0x000001f542460000, 0x000001f5455e0000, 0x000001f549990000]
CodeHeap 'non-nmethods': size=5760Kb used=1496Kb max_used=1562Kb free=4263Kb
 bounds [0x000001f549990000, 0x000001f549c00000, 0x000001f549f30000]
CodeCache: size=245760Kb, used=63056Kb, max_used=73948Kb, free=182701Kb
 total_blobs=17693, nmethods=16877, adapters=719, full_count=0
Compilation: enabled, stopped_count=0, restarted_count=0

Compilation events (20 events):
Event: 779.636 Thread 0x000001f598bd2ab0 nmethod 21469 0x000001f549f5a090 code [0x000001f549f5a220, 0x000001f549f5a2d0]
Event: 780.000 Thread 0x000001f598be1740 21470       1       org.eclipse.core.internal.jobs.InternalJob::internalSetPriority (6 bytes)
Event: 780.000 Thread 0x000001f598be1740 nmethod 21470 0x000001f549f63310 code [0x000001f549f634a0, 0x000001f549f63568]
Event: 780.000 Thread 0x000001f598bd2ab0 21471       4       org.eclipse.core.internal.resources.Project::internalGetDescription (21 bytes)
Event: 780.001 Thread 0x000001f598bd2ab0 nmethod 21471 0x000001f549fb2610 code [0x000001f549fb27c0, 0x000001f549fb28e0]
Event: 780.037 Thread 0x000001f598be1740 21472   !   3       java.util.Collections$SynchronizedCollection::clear (27 bytes)
Event: 780.037 Thread 0x000001f598be1740 nmethod 21472 0x000001f542660a90 code [0x000001f542660c40, 0x000001f542660f18]
Event: 780.356 Thread 0x000001f598bd2ab0 21473       4       org.eclipse.jdt.core.dom.ASTConverter::convert (509 bytes)
Event: 780.442 Thread 0x000001f598bd2ab0 nmethod 21473 0x000001f54a7f7f10 code [0x000001f54a7f8440, 0x000001f54a7fbeb0]
Event: 780.442 Thread 0x000001f598bd2ab0 21475       4       org.eclipse.jdt.internal.compiler.lookup.MethodScope::createMethod (483 bytes)
Event: 780.465 Thread 0x000001f598bd2ab0 nmethod 21475 0x000001f54a08a410 code [0x000001f54a08a6c0, 0x000001f54a08b538]
Event: 780.465 Thread 0x000001f598bd2ab0 21474       4       org.eclipse.jdt.core.dom.SingleVariableDeclaration::<init> (73 bytes)
Event: 780.465 Thread 0x000001f598be1740 21476       3       org.eclipse.jdt.internal.core.JavaModelManager$CompilationParticipants::indexForSourceLevel (28 bytes)
Event: 780.465 Thread 0x000001f598be1740 nmethod 21476 0x000001f542496310 code [0x000001f5424964e0, 0x000001f542496740]
Event: 780.470 Thread 0x000001f598bd2ab0 nmethod 21474 0x000001f549f38690 code [0x000001f549f38880, 0x000001f549f38e80]
Event: 780.879 Thread 0x000001f598bd2ab0 21477       4       org.eclipse.jdt.internal.compiler.ast.Reference::fieldStore (191 bytes)
Event: 780.907 Thread 0x000001f598bd2ab0 nmethod 21477 0x000001f54a4dc910 code [0x000001f54a4dcc60, 0x000001f54a4de738]
Event: 781.170 Thread 0x000001f598bd2ab0 21478   !   4       org.eclipse.jdt.internal.compiler.ast.AbstractMethodDeclaration::generateCode (386 bytes)
Event: 781.391 Thread 0x000001f598bd2ab0 nmethod 21478 0x000001f54a493e10 code [0x000001f54a494420, 0x000001f54a498d18]
Event: 781.392 Thread 0x000001f598bd2ab0 21480   !   4       org.eclipse.jdt.internal.compiler.ast.ConstructorDeclaration::internalGenerateCode (837 bytes)

GC Heap History (20 events):
Event: 779.966 GC heap after
{Heap after GC invocations=1806 (full 5):
 PSYoungGen      total 6144K, used 2532K [0x00000000d5580000, 0x00000000d6200000, 0x0000000100000000)
  eden space 3584K, 0% used [0x00000000d5580000,0x00000000d5580000,0x00000000d5900000)
  from space 2560K, 98% used [0x00000000d5900000,0x00000000d5b79100,0x00000000d5b80000)
  to   space 4608K, 0% used [0x00000000d5d80000,0x00000000d5d80000,0x00000000d6200000)
 ParOldGen       total 1019904K, used 127683K [0x0000000080000000, 0x00000000be400000, 0x00000000d5580000)
  object space 1019904K, 12% used [0x0000000080000000,0x0000000087cb0cf8,0x00000000be400000)
 Metaspace       used 85747K, committed 87488K, reserved 1179648K
  class space    used 8750K, committed 9536K, reserved 1048576K
}
Event: 779.987 GC heap before
{Heap before GC invocations=1807 (full 5):
 PSYoungGen      total 6144K, used 6116K [0x00000000d5580000, 0x00000000d6200000, 0x0000000100000000)
  eden space 3584K, 100% used [0x00000000d5580000,0x00000000d5900000,0x00000000d5900000)
  from space 2560K, 98% used [0x00000000d5900000,0x00000000d5b79100,0x00000000d5b80000)
  to   space 4608K, 0% used [0x00000000d5d80000,0x00000000d5d80000,0x00000000d6200000)
 ParOldGen       total 1019904K, used 127683K [0x0000000080000000, 0x00000000be400000, 0x00000000d5580000)
  object space 1019904K, 12% used [0x0000000080000000,0x0000000087cb0cf8,0x00000000be400000)
 Metaspace       used 85747K, committed 87488K, reserved 1179648K
  class space    used 8750K, committed 9536K, reserved 1048576K
}
Event: 779.991 GC heap after
{Heap after GC invocations=1807 (full 5):
 PSYoungGen      total 7168K, used 3333K [0x00000000d5580000, 0x00000000d6100000, 0x0000000100000000)
  eden space 3584K, 0% used [0x00000000d5580000,0x00000000d5580000,0x00000000d5900000)
  from space 3584K, 93% used [0x00000000d5d80000,0x00000000d60c1560,0x00000000d6100000)
  to   space 3584K, 0% used [0x00000000d5a00000,0x00000000d5a00000,0x00000000d5d80000)
 ParOldGen       total 1019904K, used 130187K [0x0000000080000000, 0x00000000be400000, 0x00000000d5580000)
  object space 1019904K, 12% used [0x0000000080000000,0x0000000087f22cf8,0x00000000be400000)
 Metaspace       used 85747K, committed 87488K, reserved 1179648K
  class space    used 8750K, committed 9536K, reserved 1048576K
}
Event: 780.005 GC heap before
{Heap before GC invocations=1808 (full 5):
 PSYoungGen      total 7168K, used 6917K [0x00000000d5580000, 0x00000000d6100000, 0x0000000100000000)
  eden space 3584K, 100% used [0x00000000d5580000,0x00000000d5900000,0x00000000d5900000)
  from space 3584K, 93% used [0x00000000d5d80000,0x00000000d60c1560,0x00000000d6100000)
  to   space 3584K, 0% used [0x00000000d5a00000,0x00000000d5a00000,0x00000000d5d80000)
 ParOldGen       total 1019904K, used 130187K [0x0000000080000000, 0x00000000be400000, 0x00000000d5580000)
  object space 1019904K, 12% used [0x0000000080000000,0x0000000087f22cf8,0x00000000be400000)
 Metaspace       used 85747K, committed 87488K, reserved 1179648K
  class space    used 8750K, committed 9536K, reserved 1048576K
}
Event: 780.008 GC heap after
{Heap after GC invocations=1808 (full 5):
 PSYoungGen      total 6144K, used 2480K [0x00000000d5580000, 0x00000000d5f00000, 0x0000000100000000)
  eden space 3584K, 0% used [0x00000000d5580000,0x00000000d5580000,0x00000000d5900000)
  from space 2560K, 96% used [0x00000000d5a00000,0x00000000d5c6c000,0x00000000d5c80000)
  to   space 2560K, 0% used [0x00000000d5c80000,0x00000000d5c80000,0x00000000d5f00000)
 ParOldGen       total 1019904K, used 133384K [0x0000000080000000, 0x00000000be400000, 0x00000000d5580000)
  object space 1019904K, 13% used [0x0000000080000000,0x0000000088242258,0x00000000be400000)
 Metaspace       used 85747K, committed 87488K, reserved 1179648K
  class space    used 8750K, committed 9536K, reserved 1048576K
}
Event: 780.357 GC heap before
{Heap before GC invocations=1809 (full 5):
 PSYoungGen      total 6144K, used 6064K [0x00000000d5580000, 0x00000000d5f00000, 0x0000000100000000)
  eden space 3584K, 100% used [0x00000000d5580000,0x00000000d5900000,0x00000000d5900000)
  from space 2560K, 96% used [0x00000000d5a00000,0x00000000d5c6c000,0x00000000d5c80000)
  to   space 2560K, 0% used [0x00000000d5c80000,0x00000000d5c80000,0x00000000d5f00000)
 ParOldGen       total 1019904K, used 133384K [0x0000000080000000, 0x00000000be400000, 0x00000000d5580000)
  object space 1019904K, 13% used [0x0000000080000000,0x0000000088242258,0x00000000be400000)
 Metaspace       used 85748K, committed 87488K, reserved 1179648K
  class space    used 8750K, committed 9536K, reserved 1048576K
}
Event: 780.362 GC heap after
{Heap after GC invocations=1809 (full 5):
 PSYoungGen      total 4096K, used 256K [0x00000000d5580000, 0x00000000d5d00000, 0x0000000100000000)
  eden space 3584K, 0% used [0x00000000d5580000,0x00000000d5580000,0x00000000d5900000)
  from space 512K, 50% used [0x00000000d5c80000,0x00000000d5cc0000,0x00000000d5d00000)
  to   space 1536K, 0% used [0x00000000d5a00000,0x00000000d5a00000,0x00000000d5b80000)
 ParOldGen       total 1019904K, used 135456K [0x0000000080000000, 0x00000000be400000, 0x00000000d5580000)
  object space 1019904K, 13% used [0x0000000080000000,0x0000000088448258,0x00000000be400000)
 Metaspace       used 85748K, committed 87488K, reserved 1179648K
  class space    used 8750K, committed 9536K, reserved 1048576K
}
Event: 780.376 GC heap before
{Heap before GC invocations=1810 (full 5):
 PSYoungGen      total 4096K, used 3840K [0x00000000d5580000, 0x00000000d5d00000, 0x0000000100000000)
  eden space 3584K, 100% used [0x00000000d5580000,0x00000000d5900000,0x00000000d5900000)
  from space 512K, 50% used [0x00000000d5c80000,0x00000000d5cc0000,0x00000000d5d00000)
  to   space 1536K, 0% used [0x00000000d5a00000,0x00000000d5a00000,0x00000000d5b80000)
 ParOldGen       total 1019904K, used 135456K [0x0000000080000000, 0x00000000be400000, 0x00000000d5580000)
  object space 1019904K, 13% used [0x0000000080000000,0x0000000088448258,0x00000000be400000)
 Metaspace       used 85748K, committed 87488K, reserved 1179648K
  class space    used 8750K, committed 9536K, reserved 1048576K
}
Event: 780.377 GC heap after
{Heap after GC invocations=1810 (full 5):
 PSYoungGen      total 5120K, used 288K [0x00000000d5580000, 0x00000000d5d00000, 0x0000000100000000)
  eden space 3584K, 0% used [0x00000000d5580000,0x00000000d5580000,0x00000000d5900000)
  from space 1536K, 18% used [0x00000000d5a00000,0x00000000d5a48000,0x00000000d5b80000)
  to   space 512K, 0% used [0x00000000d5c80000,0x00000000d5c80000,0x00000000d5d00000)
 ParOldGen       total 1019904K, used 135552K [0x0000000080000000, 0x00000000be400000, 0x00000000d5580000)
  object space 1019904K, 13% used [0x0000000080000000,0x0000000088460258,0x00000000be400000)
 Metaspace       used 85748K, committed 87488K, reserved 1179648K
  class space    used 8750K, committed 9536K, reserved 1048576K
}
Event: 780.467 GC heap before
{Heap before GC invocations=1811 (full 5):
 PSYoungGen      total 5120K, used 3872K [0x00000000d5580000, 0x00000000d5d00000, 0x0000000100000000)
  eden space 3584K, 100% used [0x00000000d5580000,0x00000000d5900000,0x00000000d5900000)
  from space 1536K, 18% used [0x00000000d5a00000,0x00000000d5a48000,0x00000000d5b80000)
  to   space 512K, 0% used [0x00000000d5c80000,0x00000000d5c80000,0x00000000d5d00000)
 ParOldGen       total 1019904K, used 135552K [0x0000000080000000, 0x00000000be400000, 0x00000000d5580000)
  object space 1019904K, 13% used [0x0000000080000000,0x0000000088460258,0x00000000be400000)
 Metaspace       used 85748K, committed 87488K, reserved 1179648K
  class space    used 8750K, committed 9536K, reserved 1048576K
}
Event: 780.468 GC heap after
{Heap after GC invocations=1811 (full 5):
 PSYoungGen      total 4096K, used 432K [0x00000000d5580000, 0x00000000d5d00000, 0x0000000100000000)
  eden space 3584K, 0% used [0x00000000d5580000,0x00000000d5580000,0x00000000d5900000)
  from space 512K, 84% used [0x00000000d5c80000,0x00000000d5cec010,0x00000000d5d00000)
  to   space 512K, 0% used [0x00000000d5c00000,0x00000000d5c00000,0x00000000d5c80000)
 ParOldGen       total 1019904K, used 135560K [0x0000000080000000, 0x00000000be400000, 0x00000000d5580000)
  object space 1019904K, 13% used [0x0000000080000000,0x0000000088462258,0x00000000be400000)
 Metaspace       used 85748K, committed 87488K, reserved 1179648K
  class space    used 8750K, committed 9536K, reserved 1048576K
}
Event: 781.162 GC heap before
{Heap before GC invocations=1812 (full 5):
 PSYoungGen      total 4096K, used 4016K [0x00000000d5580000, 0x00000000d5d00000, 0x0000000100000000)
  eden space 3584K, 100% used [0x00000000d5580000,0x00000000d5900000,0x00000000d5900000)
  from space 512K, 84% used [0x00000000d5c80000,0x00000000d5cec010,0x00000000d5d00000)
  to   space 512K, 0% used [0x00000000d5c00000,0x00000000d5c00000,0x00000000d5c80000)
 ParOldGen       total 1019904K, used 135560K [0x0000000080000000, 0x00000000be400000, 0x00000000d5580000)
  object space 1019904K, 13% used [0x0000000080000000,0x0000000088462258,0x00000000be400000)
 Metaspace       used 85748K, committed 87488K, reserved 1179648K
  class space    used 8750K, committed 9536K, reserved 1048576K
}
Event: 781.165 GC heap after
{Heap after GC invocations=1812 (full 5):
 PSYoungGen      total 4096K, used 512K [0x00000000d5580000, 0x00000000d5d00000, 0x0000000100000000)
  eden space 3584K, 0% used [0x00000000d5580000,0x00000000d5580000,0x00000000d5900000)
  from space 512K, 100% used [0x00000000d5c00000,0x00000000d5c80000,0x00000000d5c80000)
  to   space 512K, 0% used [0x00000000d5c80000,0x00000000d5c80000,0x00000000d5d00000)
 ParOldGen       total 1019904K, used 135776K [0x0000000080000000, 0x00000000be400000, 0x00000000d5580000)
  object space 1019904K, 13% used [0x0000000080000000,0x0000000088498258,0x00000000be400000)
 Metaspace       used 85748K, committed 87488K, reserved 1179648K
  class space    used 8750K, committed 9536K, reserved 1048576K
}
Event: 781.176 GC heap before
{Heap before GC invocations=1813 (full 5):
 PSYoungGen      total 4096K, used 4096K [0x00000000d5580000, 0x00000000d5d00000, 0x0000000100000000)
  eden space 3584K, 100% used [0x00000000d5580000,0x00000000d5900000,0x00000000d5900000)
  from space 512K, 100% used [0x00000000d5c00000,0x00000000d5c80000,0x00000000d5c80000)
  to   space 512K, 0% used [0x00000000d5c80000,0x00000000d5c80000,0x00000000d5d00000)
 ParOldGen       total 1019904K, used 135776K [0x0000000080000000, 0x00000000be400000, 0x00000000d5580000)
  object space 1019904K, 13% used [0x0000000080000000,0x0000000088498258,0x00000000be400000)
 Metaspace       used 85748K, committed 87488K, reserved 1179648K
  class space    used 8750K, committed 9536K, reserved 1048576K
}
Event: 781.179 GC heap after
{Heap after GC invocations=1813 (full 5):
 PSYoungGen      total 4096K, used 256K [0x00000000d5580000, 0x00000000d5d00000, 0x0000000100000000)
  eden space 3584K, 0% used [0x00000000d5580000,0x00000000d5580000,0x00000000d5900000)
  from space 512K, 50% used [0x00000000d5c80000,0x00000000d5cc0000,0x00000000d5d00000)
  to   space 512K, 0% used [0x00000000d5c00000,0x00000000d5c00000,0x00000000d5c80000)
 ParOldGen       total 1019904K, used 136175K [0x0000000080000000, 0x00000000be400000, 0x00000000d5580000)
  object space 1019904K, 13% used [0x0000000080000000,0x00000000884fbca8,0x00000000be400000)
 Metaspace       used 85748K, committed 87488K, reserved 1179648K
  class space    used 8750K, committed 9536K, reserved 1048576K
}
Event: 781.220 GC heap before
{Heap before GC invocations=1814 (full 5):
 PSYoungGen      total 4096K, used 3840K [0x00000000d5580000, 0x00000000d5d00000, 0x0000000100000000)
  eden space 3584K, 100% used [0x00000000d5580000,0x00000000d5900000,0x00000000d5900000)
  from space 512K, 50% used [0x00000000d5c80000,0x00000000d5cc0000,0x00000000d5d00000)
  to   space 512K, 0% used [0x00000000d5c00000,0x00000000d5c00000,0x00000000d5c80000)
 ParOldGen       total 1019904K, used 136175K [0x0000000080000000, 0x00000000be400000, 0x00000000d5580000)
  object space 1019904K, 13% used [0x0000000080000000,0x00000000884fbca8,0x00000000be400000)
 Metaspace       used 85748K, committed 87488K, reserved 1179648K
  class space    used 8750K, committed 9536K, reserved 1048576K
}
Event: 781.222 GC heap after
{Heap after GC invocations=1814 (full 5):
 PSYoungGen      total 4096K, used 512K [0x00000000d5580000, 0x00000000d5d00000, 0x0000000100000000)
  eden space 3584K, 0% used [0x00000000d5580000,0x00000000d5580000,0x00000000d5900000)
  from space 512K, 100% used [0x00000000d5c00000,0x00000000d5c80000,0x00000000d5c80000)
  to   space 512K, 0% used [0x00000000d5c80000,0x00000000d5c80000,0x00000000d5d00000)
 ParOldGen       total 1019904K, used 136207K [0x0000000080000000, 0x00000000be400000, 0x00000000d5580000)
  object space 1019904K, 13% used [0x0000000080000000,0x0000000088503ca8,0x00000000be400000)
 Metaspace       used 85748K, committed 87488K, reserved 1179648K
  class space    used 8750K, committed 9536K, reserved 1048576K
}
Event: 782.120 GC heap before
{Heap before GC invocations=1815 (full 5):
 PSYoungGen      total 4096K, used 4095K [0x00000000d5580000, 0x00000000d5d00000, 0x0000000100000000)
  eden space 3584K, 99% used [0x00000000d5580000,0x00000000d58fffd8,0x00000000d5900000)
  from space 512K, 100% used [0x00000000d5c00000,0x00000000d5c80000,0x00000000d5c80000)
  to   space 512K, 0% used [0x00000000d5c80000,0x00000000d5c80000,0x00000000d5d00000)
 ParOldGen       total 1019904K, used 136207K [0x0000000080000000, 0x00000000be400000, 0x00000000d5580000)
  object space 1019904K, 13% used [0x0000000080000000,0x0000000088503ca8,0x00000000be400000)
 Metaspace       used 85748K, committed 87488K, reserved 1179648K
  class space    used 8750K, committed 9536K, reserved 1048576K
}
Event: 782.120 GC heap after
{Heap after GC invocations=1815 (full 5):
 PSYoungGen      total 4096K, used 224K [0x00000000d5580000, 0x00000000d5d00000, 0x0000000100000000)
  eden space 3584K, 0% used [0x00000000d5580000,0x00000000d5580000,0x00000000d5900000)
  from space 512K, 43% used [0x00000000d5c80000,0x00000000d5cb8000,0x00000000d5d00000)
  to   space 512K, 0% used [0x00000000d5c00000,0x00000000d5c00000,0x00000000d5c80000)
 ParOldGen       total 1019904K, used 136207K [0x0000000080000000, 0x00000000be400000, 0x00000000d5580000)
  object space 1019904K, 13% used [0x0000000080000000,0x0000000088503ca8,0x00000000be400000)
 Metaspace       used 85748K, committed 87488K, reserved 1179648K
  class space    used 8750K, committed 9536K, reserved 1048576K
}
Event: 782.165 GC heap before
{Heap before GC invocations=1816 (full 5):
 PSYoungGen      total 4096K, used 3808K [0x00000000d5580000, 0x00000000d5d00000, 0x0000000100000000)
  eden space 3584K, 100% used [0x00000000d5580000,0x00000000d5900000,0x00000000d5900000)
  from space 512K, 43% used [0x00000000d5c80000,0x00000000d5cb8000,0x00000000d5d00000)
  to   space 512K, 0% used [0x00000000d5c00000,0x00000000d5c00000,0x00000000d5c80000)
 ParOldGen       total 1019904K, used 136207K [0x0000000080000000, 0x00000000be400000, 0x00000000d5580000)
  object space 1019904K, 13% used [0x0000000080000000,0x0000000088503ca8,0x00000000be400000)
 Metaspace       used 85748K, committed 87488K, reserved 1179648K
  class space    used 8750K, committed 9536K, reserved 1048576K
}

Dll operation events (11 events):
Event: 0.039 Loaded shared library c:\Users\Diksha pathak\.vscode\extensions\redhat.java-1.51.0-win32-x64\jre\21.0.9-win32-x86_64\bin\java.dll
Event: 0.148 Loaded shared library c:\Users\Diksha pathak\.vscode\extensions\redhat.java-1.51.0-win32-x64\jre\21.0.9-win32-x86_64\bin\zip.dll
Event: 0.171 Loaded shared library C:\Users\Diksha pathak\.vscode\extensions\redhat.java-1.51.0-win32-x64\jre\21.0.9-win32-x86_64\bin\instrument.dll
Event: 0.178 Loaded shared library C:\Users\Diksha pathak\.vscode\extensions\redhat.java-1.51.0-win32-x64\jre\21.0.9-win32-x86_64\bin\net.dll
Event: 0.181 Loaded shared library C:\Users\Diksha pathak\.vscode\extensions\redhat.java-1.51.0-win32-x64\jre\21.0.9-win32-x86_64\bin\nio.dll
Event: 0.185 Loaded shared library C:\Users\Diksha pathak\.vscode\extensions\redhat.java-1.51.0-win32-x64\jre\21.0.9-win32-x86_64\bin\zip.dll
Event: 0.207 Loaded shared library C:\Users\Diksha pathak\.vscode\extensions\redhat.java-1.51.0-win32-x64\jre\21.0.9-win32-x86_64\bin\jimage.dll
Event: 0.273 Loaded shared library c:\Users\Diksha pathak\.vscode\extensions\redhat.java-1.51.0-win32-x64\jre\21.0.9-win32-x86_64\bin\verify.dll
Event: 1.460 Loaded shared library C:\Users\Diksha pathak\AppData\Roaming\Code\User\globalStorage\redhat.java\1.51.0\config_win\org.eclipse.equinox.launcher\org.eclipse.equinox.launcher.win32.win32.x86_64_1.2.1400.v20250801-0854\eclipse_11916.dll
Event: 3.257 Loaded shared library C:\Users\Diksha pathak\AppData\Local\Temp\jna-1959891433\jna18178428079826211512.dll
Event: 266.826 Loaded shared library C:\Users\Diksha pathak\.vscode\extensions\redhat.java-1.51.0-win32-x64\jre\21.0.9-win32-x86_64\bin\extnet.dll

Deoptimization events (20 events):
Event: 762.109 Thread 0x000001f5a094dac0 Uncommon trap: trap_request=0xfffffff4 fr.pc=0x000001f54b0ccd30 relative=0x0000000000000450
Event: 762.109 Thread 0x000001f5a094dac0 Uncommon trap: reason=null_check action=make_not_entrant pc=0x000001f54b0ccd30 method=java.lang.ThreadLocal$ThreadLocalMap.expungeStaleEntry(I)I @ 51 c2
Event: 762.109 Thread 0x000001f5a094dac0 DEOPT PACKING pc=0x000001f54b0ccd30 sp=0x0000000d36afe630
Event: 762.109 Thread 0x000001f5a094dac0 DEOPT UNPACKING pc=0x000001f5499e3aa2 sp=0x0000000d36afe458 mode 2
Event: 763.313 Thread 0x000001f5a094dac0 Uncommon trap: trap_request=0xffffff54 fr.pc=0x000001f54b3f49ec relative=0x00000000000004cc
Event: 763.313 Thread 0x000001f5a094dac0 Uncommon trap: reason=speculate_null_assert action=make_not_entrant pc=0x000001f54b3f49ec method=org.eclipse.jdt.internal.core.util.WeakHashSetOfCharArray.cleanupGarbageCollectedValues()V @ 143 c2
Event: 763.313 Thread 0x000001f5a094dac0 DEOPT PACKING pc=0x000001f54b3f49ec sp=0x0000000d36afd760
Event: 763.313 Thread 0x000001f5a094dac0 DEOPT UNPACKING pc=0x000001f5499e3aa2 sp=0x0000000d36afd658 mode 2
Event: 763.327 Thread 0x000001f59e381fe0 DEOPT PACKING pc=0x000001f545130b17 sp=0x0000000d356fe9a0
Event: 763.327 Thread 0x000001f59e381fe0 DEOPT UNPACKING pc=0x000001f5499e4242 sp=0x0000000d356fde60 mode 0
Event: 763.352 Thread 0x000001f5a094e7e0 Uncommon trap: trap_request=0xffffff45 fr.pc=0x000001f54b1686e4 relative=0x0000000000000224
Event: 763.352 Thread 0x000001f5a094e7e0 Uncommon trap: reason=unstable_if action=reinterpret pc=0x000001f54b1686e4 method=org.eclipse.jdt.ls.core.internal.handlers.ProgressReporterManager$ProgressReporter.sendProgress()V @ 65 c2
Event: 763.352 Thread 0x000001f5a094e7e0 DEOPT PACKING pc=0x000001f54b1686e4 sp=0x0000000d368fe4d0
Event: 763.352 Thread 0x000001f5a094e7e0 DEOPT UNPACKING pc=0x000001f5499e3aa2 sp=0x0000000d368fe478 mode 2
Event: 770.049 Thread 0x000001f59e180230 DEOPT PACKING pc=0x000001f54554f3cc sp=0x0000000d355fed00
Event: 770.049 Thread 0x000001f59e180230 DEOPT UNPACKING pc=0x000001f5499e4242 sp=0x0000000d355fe2b0 mode 0
Event: 770.096 Thread 0x000001f59e180230 DEOPT PACKING pc=0x000001f54554f3cc sp=0x0000000d355fed00
Event: 770.096 Thread 0x000001f59e180230 DEOPT UNPACKING pc=0x000001f5499e4242 sp=0x0000000d355fe2b0 mode 0
Event: 770.440 Thread 0x000001f59d359260 DEOPT PACKING pc=0x000001f54523ecea sp=0x0000000d38ffdf30
Event: 770.440 Thread 0x000001f59d359260 DEOPT UNPACKING pc=0x000001f5499e4242 sp=0x0000000d38ffd428 mode 0

Classes loaded (20 events):
Event: 304.021 Loading class java/util/stream/Nodes$CollectorTask$OfRef
Event: 304.021 Loading class java/util/stream/Nodes$CollectorTask
Event: 304.021 Loading class java/util/stream/Nodes$CollectorTask done
Event: 304.022 Loading class java/util/stream/Nodes$CollectorTask$OfRef done
Event: 304.024 Loading class java/util/function/LongFunction
Event: 304.024 Loading class java/util/function/LongFunction done
Event: 304.025 Loading class java/util/stream/Nodes$ConcNode
Event: 304.025 Loading class java/util/stream/Nodes$AbstractConcNode
Event: 304.025 Loading class java/util/stream/Nodes$AbstractConcNode done
Event: 304.025 Loading class java/util/stream/Nodes$ConcNode done
Event: 304.025 Loading class java/util/stream/Nodes$ToArrayTask$OfRef
Event: 304.026 Loading class java/util/stream/Nodes$ToArrayTask
Event: 304.026 Loading class java/util/stream/Nodes$ToArrayTask done
Event: 304.026 Loading class java/util/stream/Nodes$ToArrayTask$OfRef done
Event: 304.028 Loading class java/io/ObjectOutputStream$BlockDataOutputStream
Event: 304.028 Loading class java/io/ObjectOutputStream$BlockDataOutputStream done
Event: 304.028 Loading class java/io/ObjectOutputStream$HandleTable
Event: 304.029 Loading class java/io/ObjectOutputStream$HandleTable done
Event: 304.029 Loading class java/io/ObjectOutputStream$ReplaceTable
Event: 304.029 Loading class java/io/ObjectOutputStream$ReplaceTable done

Classes unloaded (7 events):
Event: 3.909 Thread 0x000001f53f31eb80 Unloading class 0x000001f5571a8c00 'java/lang/invoke/LambdaForm$MH+0x000001f5571a8c00'
Event: 3.909 Thread 0x000001f53f31eb80 Unloading class 0x000001f5571a8800 'java/lang/invoke/LambdaForm$MH+0x000001f5571a8800'
Event: 3.909 Thread 0x000001f53f31eb80 Unloading class 0x000001f5571a8400 'java/lang/invoke/LambdaForm$MH+0x000001f5571a8400'
Event: 3.909 Thread 0x000001f53f31eb80 Unloading class 0x000001f5571a8000 'java/lang/invoke/LambdaForm$MH+0x000001f5571a8000'
Event: 3.909 Thread 0x000001f53f31eb80 Unloading class 0x000001f5571a7c00 'java/lang/invoke/LambdaForm$BMH+0x000001f5571a7c00'
Event: 3.909 Thread 0x000001f53f31eb80 Unloading class 0x000001f5571a7800 'java/lang/invoke/LambdaForm$DMH+0x000001f5571a7800'
Event: 3.909 Thread 0x000001f53f31eb80 Unloading class 0x000001f5571a6400 'java/lang/invoke/LambdaForm$DMH+0x000001f5571a6400'

Classes redefined (0 events):
No events

Internal exceptions (20 events):
Event: 772.882 Thread 0x000001f5a094dac0 Exception <a 'java/lang/ArrayIndexOutOfBoundsException'{0x00000000d5771658}> (0x00000000d5771658) 
thrown [s\src\hotspot\share\runtime\sharedRuntime.cpp, line 625]
Event: 772.885 Thread 0x000001f5a094dac0 Exception <a 'java/lang/ArrayIndexOutOfBoundsException'{0x00000000d57fe498}> (0x00000000d57fe498) 
thrown [s\src\hotspot\share\runtime\sharedRuntime.cpp, line 625]
Event: 774.214 Thread 0x000001f59d35b9c0 Exception <a 'java/lang/ArrayIndexOutOfBoundsException'{0x00000000d57a4b08}> (0x00000000d57a4b08) 
thrown [s\src\hotspot\share\runtime\sharedRuntime.cpp, line 625]
Event: 774.214 Thread 0x000001f59d35b9c0 Exception <a 'java/lang/ArrayIndexOutOfBoundsException'{0x00000000d57a4e30}> (0x00000000d57a4e30) 
thrown [s\src\hotspot\share\runtime\sharedRuntime.cpp, line 625]
Event: 774.573 Thread 0x000001f59e180230 Exception <a 'sun/nio/fs/WindowsException'{0x00000000d558bf10}> (0x00000000d558bf10) 
thrown [s\src\hotspot\share\prims\jni.cpp, line 520]
Event: 775.691 Thread 0x000001f59e180230 Exception <a 'sun/nio/fs/WindowsException'{0x00000000d57b7fc8}> (0x00000000d57b7fc8) 
thrown [s\src\hotspot\share\prims\jni.cpp, line 520]
Event: 776.035 Thread 0x000001f5a094dac0 Exception <a 'java/lang/ArrayIndexOutOfBoundsException'{0x00000000d5801930}> (0x00000000d5801930) 
thrown [s\src\hotspot\share\runtime\sharedRuntime.cpp, line 625]
Event: 776.035 Thread 0x000001f5a094dac0 Exception <a 'java/lang/ArrayIndexOutOfBoundsException'{0x00000000d5801ec8}> (0x00000000d5801ec8) 
thrown [s\src\hotspot\share\runtime\sharedRuntime.cpp, line 625]
Event: 776.037 Thread 0x000001f5a094dac0 Exception <a 'java/lang/ArrayIndexOutOfBoundsException'{0x00000000d588f870}> (0x00000000d588f870) 
thrown [s\src\hotspot\share\runtime\sharedRuntime.cpp, line 625]
Event: 776.953 Thread 0x000001f59d35b9c0 Exception <a 'java/lang/ArrayIndexOutOfBoundsException'{0x00000000d58a1628}> (0x00000000d58a1628) 
thrown [s\src\hotspot\share\runtime\sharedRuntime.cpp, line 625]
Event: 776.953 Thread 0x000001f59d35b9c0 Exception <a 'java/lang/ArrayIndexOutOfBoundsException'{0x00000000d58a1950}> (0x00000000d58a1950) 
thrown [s\src\hotspot\share\runtime\sharedRuntime.cpp, line 625]
Event: 776.984 Thread 0x000001f5a094dac0 Exception <a 'java/lang/ArrayIndexOutOfBoundsException'{0x00000000d55baf00}> (0x00000000d55baf00) 
thrown [s\src\hotspot\share\runtime\sharedRuntime.cpp, line 625]
Event: 776.984 Thread 0x000001f5a094dac0 Exception <a 'java/lang/ArrayIndexOutOfBoundsException'{0x00000000d55bb228}> (0x00000000d55bb228) 
thrown [s\src\hotspot\share\runtime\sharedRuntime.cpp, line 625]
Event: 777.243 Thread 0x000001f59d35b9c0 Exception <a 'java/lang/ArrayIndexOutOfBoundsException'{0x00000000d5594a70}> (0x00000000d5594a70) 
thrown [s\src\hotspot\share\runtime\sharedRuntime.cpp, line 625]
Event: 777.243 Thread 0x000001f59d35b9c0 Exception <a 'java/lang/ArrayIndexOutOfBoundsException'{0x00000000d5594d98}> (0x00000000d5594d98) 
thrown [s\src\hotspot\share\runtime\sharedRuntime.cpp, line 625]
Event: 778.329 Thread 0x000001f59d35c050 Exception <a 'java/lang/ArrayIndexOutOfBoundsException'{0x00000000d56f5a18}> (0x00000000d56f5a18) 
thrown [s\src\hotspot\share\runtime\sharedRuntime.cpp, line 625]
Event: 778.329 Thread 0x000001f59d35c050 Exception <a 'java/lang/ArrayIndexOutOfBoundsException'{0x00000000d56f5d40}> (0x00000000d56f5d40) 
thrown [s\src\hotspot\share\runtime\sharedRuntime.cpp, line 625]
Event: 779.938 Thread 0x000001f59e180230 Exception <a 'sun/nio/fs/WindowsException'{0x00000000d56df410}> (0x00000000d56df410) 
thrown [s\src\hotspot\share\prims\jni.cpp, line 520]
Event: 780.022 Thread 0x000001f59e180230 Exception <a 'sun/nio/fs/WindowsException'{0x00000000d5669ad8}> (0x00000000d5669ad8) 
thrown [s\src\hotspot\share\prims\jni.cpp, line 520]
Event: 782.155 Thread 0x000001f59e180230 Exception <a 'sun/nio/fs/WindowsException'{0x00000000d5611240}> (0x00000000d5611240) 
thrown [s\src\hotspot\share\prims\jni.cpp, line 520]

ZGC Phase Switch (0 events):
No events

VM Operations (20 events):
Event: 780.008 Executing VM operation: ParallelGCFailedAllocation (Allocation Failure) done
Event: 780.357 Executing VM operation: ParallelGCFailedAllocation (Allocation Failure)
Event: 780.362 Executing VM operation: ParallelGCFailedAllocation (Allocation Failure) done
Event: 780.375 Executing VM operation: ParallelGCFailedAllocation (Allocation Failure)
Event: 780.377 Executing VM operation: ParallelGCFailedAllocation (Allocation Failure) done
Event: 780.467 Executing VM operation: ParallelGCFailedAllocation (Allocation Failure)
Event: 780.468 Executing VM operation: ParallelGCFailedAllocation (Allocation Failure) done
Event: 781.107 Executing VM operation: HandshakeAllThreads (HandshakeForDeflation)
Event: 781.107 Executing VM operation: HandshakeAllThreads (HandshakeForDeflation) done
Event: 781.108 Executing VM operation: RendezvousGCThreads
Event: 781.108 Executing VM operation: RendezvousGCThreads done
Event: 781.162 Executing VM operation: ParallelGCFailedAllocation (Allocation Failure)
Event: 781.165 Executing VM operation: ParallelGCFailedAllocation (Allocation Failure) done
Event: 781.176 Executing VM operation: ParallelGCFailedAllocation (Allocation Failure)
Event: 781.179 Executing VM operation: ParallelGCFailedAllocation (Allocation Failure) done
Event: 781.220 Executing VM operation: ParallelGCFailedAllocation (Allocation Failure)
Event: 781.222 Executing VM operation: ParallelGCFailedAllocation (Allocation Failure) done
Event: 782.120 Executing VM operation: ParallelGCFailedAllocation (Allocation Failure)
Event: 782.120 Executing VM operation: ParallelGCFailedAllocation (Allocation Failure) done
Event: 782.165 Executing VM operation: ParallelGCFailedAllocation (Allocation Failure)

Memory protections (0 events):
No events

Nmethod flushes (20 events):
Event: 757.938 Thread 0x000001f53f31eb80 flushing osr nmethod 0x000001f544444710
Event: 757.938 Thread 0x000001f53f31eb80 flushing  nmethod 0x000001f544457990
Event: 757.938 Thread 0x000001f53f31eb80 flushing  nmethod 0x000001f544463890
Event: 757.938 Thread 0x000001f53f31eb80 flushing  nmethod 0x000001f54446ee10
Event: 757.938 Thread 0x000001f53f31eb80 flushing  nmethod 0x000001f544498290
Event: 757.938 Thread 0x000001f53f31eb80 flushing  nmethod 0x000001f544499610
Event: 757.938 Thread 0x000001f53f31eb80 flushing  nmethod 0x000001f544535a10
Event: 757.938 Thread 0x000001f53f31eb80 flushing  nmethod 0x000001f54455c710
Event: 757.938 Thread 0x000001f53f31eb80 flushing  nmethod 0x000001f5445b1110
Event: 757.938 Thread 0x000001f53f31eb80 flushing  nmethod 0x000001f5445b4d90
Event: 757.938 Thread 0x000001f53f31eb80 flushing  nmethod 0x000001f5445de710
Event: 757.938 Thread 0x000001f53f31eb80 flushing  nmethod 0x000001f5445eab10
Event: 757.938 Thread 0x000001f53f31eb80 flushing  nmethod 0x000001f5445ef710
Event: 757.938 Thread 0x000001f53f31eb80 flushing  nmethod 0x000001f5445f1690
Event: 757.938 Thread 0x000001f53f31eb80 flushing  nmethod 0x000001f5445fd610
Event: 757.938 Thread 0x000001f53f31eb80 flushing  nmethod 0x000001f5445feb90
Event: 757.938 Thread 0x000001f53f31eb80 flushing  nmethod 0x000001f544621510
Event: 757.938 Thread 0x000001f53f31eb80 flushing  nmethod 0x000001f5446db210
Event: 757.938 Thread 0x000001f53f31eb80 flushing  nmethod 0x000001f544879310
Event: 757.938 Thread 0x000001f53f31eb80 flushing  nmethod 0x000001f5448aa490

Events (20 events):
Event: 693.046 Thread 0x000001f59e37eb60 Thread added: 0x000001f59e3805a0
Event: 693.050 Thread 0x000001f59e3805a0 Thread added: 0x000001f5a094cda0
Event: 693.055 Thread 0x000001f59e37eb60 Thread added: 0x000001f5a094f500
Event: 693.056 Thread 0x000001f5a094cda0 Thread exited: 0x000001f5a094cda0
Event: 693.166 Thread 0x000001f5a094f500 Thread added: 0x000001f5a094cda0
Event: 693.167 Thread 0x000001f5a094f500 Thread exited: 0x000001f5a094f500
Event: 695.422 Thread 0x000001f59e3805a0 Thread exited: 0x000001f59e3805a0
Event: 700.734 Thread 0x000001f598be1740 Thread added: 0x000001f59deacd80
Event: 710.140 Thread 0x000001f59deacd80 Thread exited: 0x000001f59deacd80
Event: 725.430 Thread 0x000001f59e37eb60 Thread exited: 0x000001f59e37eb60
Event: 727.955 Thread 0x000001f5a0950f40 Thread exited: 0x000001f5a0950f40
Event: 741.053 Thread 0x000001f598be1740 Thread added: 0x000001f59deac6b0
Event: 741.256 Thread 0x000001f59deac6b0 Thread exited: 0x000001f59deac6b0
Event: 755.420 Thread 0x000001f5a094cda0 Thread exited: 0x000001f5a094cda0
Event: 756.703 Thread 0x000001f598be1740 Thread added: 0x000001f59deacd80
Event: 757.825 Thread 0x000001f598be1740 Thread added: 0x000001f5a1da80f0
Event: 760.057 Thread 0x000001f5a1da80f0 Thread exited: 0x000001f5a1da80f0
Event: 762.099 Thread 0x000001f59deacd80 Thread exited: 0x000001f59deacd80
Event: 778.369 Thread 0x000001f598be1740 Thread added: 0x000001f59deacd80
Event: 779.226 Thread 0x000001f59deacd80 Thread exited: 0x000001f59deacd80


Dynamic libraries:
0x00007ff6ea320000 - 0x00007ff6ea32e000 	c:\Users\Diksha pathak\.vscode\extensions\redhat.java-1.51.0-win32-x64\jre\21.0.9-win32-x86_64\bin\java.exe
0x00007fffc3d40000 - 0x00007fffc3fa9000 	C:\Windows\SYSTEM32\ntdll.dll
0x00007fffc27a0000 - 0x00007fffc2869000 	C:\Windows\System32\KERNEL32.DLL
0x00007fffc1500000 - 0x00007fffc18f3000 	C:\Windows\System32\KERNELBASE.dll
0x00007fffc1000000 - 0x00007fffc114b000 	C:\Windows\System32\ucrtbase.dll
0x00007fffbd250000 - 0x00007fffbd268000 	c:\Users\Diksha pathak\.vscode\extensions\redhat.java-1.51.0-win32-x64\jre\21.0.9-win32-x86_64\bin\jli.dll
0x00007fffc21b0000 - 0x00007fffc2374000 	C:\Windows\System32\USER32.dll
0x00007fffaa820000 - 0x00007fffaa83e000 	c:\Users\Diksha pathak\.vscode\extensions\redhat.java-1.51.0-win32-x64\jre\21.0.9-win32-x86_64\bin\VCRUNTIME140.dll
0x00007fffc1ae0000 - 0x00007fffc1b07000 	C:\Windows\System32\win32u.dll
0x00007fffa4730000 - 0x00007fffa49c3000 	C:\Windows\WinSxS\amd64_microsoft.windows.common-controls_6595b64144ccf1df_6.0.26100.5074_none_3e0d6f78e32fd63f\COMCTL32.dll
0x00007fffc2e50000 - 0x00007fffc2e7b000 	C:\Windows\System32\GDI32.dll
0x00007fffc3810000 - 0x00007fffc38b9000 	C:\Windows\System32\msvcrt.dll
0x00007fffc0ed0000 - 0x00007fffc0ffd000 	C:\Windows\System32\gdi32full.dll
0x00007fffc19a0000 - 0x00007fffc1a43000 	C:\Windows\System32\msvcp_win.dll
0x00007fffc3cc0000 - 0x00007fffc3cef000 	C:\Windows\System32\IMM32.DLL
0x00007fffbd9c0000 - 0x00007fffbd9cc000 	c:\Users\Diksha pathak\.vscode\extensions\redhat.java-1.51.0-win32-x64\jre\21.0.9-win32-x86_64\bin\vcruntime140_1.dll
0x00007fff5ab10000 - 0x00007fff5ab9d000 	c:\Users\Diksha pathak\.vscode\extensions\redhat.java-1.51.0-win32-x64\jre\21.0.9-win32-x86_64\bin\msvcp140.dll
0x00007fff1bcd0000 - 0x00007fff1ca70000 	c:\Users\Diksha pathak\.vscode\extensions\redhat.java-1.51.0-win32-x64\jre\21.0.9-win32-x86_64\bin\server\jvm.dll
0x00007fffc2a10000 - 0x00007fffc2ac4000 	C:\Windows\System32\ADVAPI32.dll
0x00007fffc3910000 - 0x00007fffc39b6000 	C:\Windows\System32\sechost.dll
0x00007fffc2090000 - 0x00007fffc21a8000 	C:\Windows\System32\RPCRT4.dll
0x00007fffc3bb0000 - 0x00007fffc3c24000 	C:\Windows\System32\WS2_32.dll
0x00007fffc0d30000 - 0x00007fffc0d8e000 	C:\Windows\SYSTEM32\POWRPROF.dll
0x00007fffb8400000 - 0x00007fffb8435000 	C:\Windows\SYSTEM32\WINMM.dll
0x00007fffb80b0000 - 0x00007fffb80bb000 	C:\Windows\SYSTEM32\VERSION.dll
0x00007fffc0d10000 - 0x00007fffc0d24000 	C:\Windows\SYSTEM32\UMPDC.dll
0x00007fffbfcb0000 - 0x00007fffbfccb000 	C:\Windows\SYSTEM32\kernel.appcore.dll
0x00007fffbd970000 - 0x00007fffbd97a000 	c:\Users\Diksha pathak\.vscode\extensions\redhat.java-1.51.0-win32-x64\jre\21.0.9-win32-x86_64\bin\jimage.dll
0x00007fffbe0b0000 - 0x00007fffbe2f2000 	C:\Windows\SYSTEM32\DBGHELP.DLL
0x00007fffc2ad0000 - 0x00007fffc2e4b000 	C:\Windows\System32\combase.dll
0x00007fffc2380000 - 0x00007fffc2457000 	C:\Windows\System32\OLEAUT32.dll
0x00007fff88850000 - 0x00007fff8888d000 	C:\Windows\SYSTEM32\dbgcore.DLL
0x00007fffc1900000 - 0x00007fffc1999000 	C:\Windows\System32\bcryptPrimitives.dll
0x00007fffbd8f0000 - 0x00007fffbd8ff000 	c:\Users\Diksha pathak\.vscode\extensions\redhat.java-1.51.0-win32-x64\jre\21.0.9-win32-x86_64\bin\instrument.dll
0x00007fffa9ed0000 - 0x00007fffa9ef0000 	c:\Users\Diksha pathak\.vscode\extensions\redhat.java-1.51.0-win32-x64\jre\21.0.9-win32-x86_64\bin\java.dll
0x00007fffc2e80000 - 0x00007fffc35cd000 	C:\Windows\System32\SHELL32.dll
0x00007fffc1150000 - 0x00007fffc12bc000 	C:\Windows\System32\wintypes.dll
0x00007fffbeb10000 - 0x00007fffbf369000 	C:\Windows\SYSTEM32\windows.storage.dll
0x00007fffc3710000 - 0x00007fffc3800000 	C:\Windows\System32\SHCORE.dll
0x00007fffc2020000 - 0x00007fffc2082000 	C:\Windows\System32\shlwapi.dll
0x00007fffc0df0000 - 0x00007fffc0e19000 	C:\Windows\SYSTEM32\profapi.dll
0x00007fffa4b20000 - 0x00007fffa4b38000 	c:\Users\Diksha pathak\.vscode\extensions\redhat.java-1.51.0-win32-x64\jre\21.0.9-win32-x86_64\bin\zip.dll
0x00007fffbb980000 - 0x00007fffbb990000 	C:\Users\Diksha pathak\.vscode\extensions\redhat.java-1.51.0-win32-x64\jre\21.0.9-win32-x86_64\bin\net.dll
0x00007fffb71d0000 - 0x00007fffb72ef000 	C:\Windows\SYSTEM32\WINHTTP.dll
0x00007fffc0230000 - 0x00007fffc029b000 	C:\Windows\system32\mswsock.dll
0x00007fffa38a0000 - 0x00007fffa38b6000 	C:\Users\Diksha pathak\.vscode\extensions\redhat.java-1.51.0-win32-x64\jre\21.0.9-win32-x86_64\bin\nio.dll
0x00007fffb80f0000 - 0x00007fffb8100000 	c:\Users\Diksha pathak\.vscode\extensions\redhat.java-1.51.0-win32-x64\jre\21.0.9-win32-x86_64\bin\verify.dll
0x00007fff77250000 - 0x00007fff77294000 	C:\Users\Diksha pathak\AppData\Roaming\Code\User\globalStorage\redhat.java\1.51.0\config_win\org.eclipse.equinox.launcher\org.eclipse.equinox.launcher.win32.win32.x86_64_1.2.1400.v20250801-0854\eclipse_11916.dll
0x00007fffc2870000 - 0x00007fffc2a08000 	C:\Windows\System32\ole32.dll
0x00007fffc04d0000 - 0x00007fffc04eb000 	C:\Windows\SYSTEM32\CRYPTSP.dll
0x00007fffbfc10000 - 0x00007fffbfc4b000 	C:\Windows\system32\rsaenh.dll
0x00007fffc02d0000 - 0x00007fffc02fb000 	C:\Windows\SYSTEM32\USERENV.dll
0x00007fffc0dc0000 - 0x00007fffc0de6000 	C:\Windows\SYSTEM32\bcrypt.dll
0x00007fffc04f0000 - 0x00007fffc04fc000 	C:\Windows\SYSTEM32\CRYPTBASE.dll
0x00007fffbf6b0000 - 0x00007fffbf6e4000 	C:\Windows\SYSTEM32\IPHLPAPI.DLL
0x00007fffc3cb0000 - 0x00007fffc3cba000 	C:\Windows\System32\NSI.dll
0x00007fffa9f00000 - 0x00007fffa9f49000 	C:\Users\Diksha pathak\AppData\Local\Temp\jna-1959891433\jna18178428079826211512.dll
0x00007fffc26b0000 - 0x00007fffc26b8000 	C:\Windows\System32\PSAPI.DLL
0x00007fffba680000 - 0x00007fffba69e000 	C:\Windows\SYSTEM32\dhcpcsvc6.DLL
0x00007fffba360000 - 0x00007fffba383000 	C:\Windows\SYSTEM32\dhcpcsvc.DLL
0x00007fffbfdd0000 - 0x00007fffbfe06000 	C:\Windows\SYSTEM32\ntmarta.dll
0x00007fffbb990000 - 0x00007fffbb999000 	C:\Users\Diksha pathak\.vscode\extensions\redhat.java-1.51.0-win32-x64\jre\21.0.9-win32-x86_64\bin\extnet.dll

JVMTI agents:
c:\Users\Diksha pathak\.vscode\extensions\redhat.java-1.51.0-win32-x64\lombok\lombok-1.18.39-4050.jar path:c:\Users\Diksha pathak\.vscode\extensions\redhat.java-1.51.0-win32-x64\jre\21.0.9-win32-x86_64\bin\instrument.dll, loaded, initialized, instrumentlib options:none

dbghelp: loaded successfully - version: 4.0.5 - missing functions: none
symbol engine: initialized successfully - sym options: 0x614 - pdb path: .;c:\Users\Diksha pathak\.vscode\extensions\redhat.java-1.51.0-win32-x64\jre\21.0.9-win32-x86_64\bin;C:\Windows\SYSTEM32;C:\Windows\WinSxS\amd64_microsoft.windows.common-controls_6595b64144ccf1df_6.0.26100.5074_none_3e0d6f78e32fd63f;c:\Users\Diksha pathak\.vscode\extensions\redhat.java-1.51.0-win32-x64\jre\21.0.9-win32-x86_64\bin\server;C:\Users\Diksha pathak\AppData\Roaming\Code\User\globalStorage\redhat.java\1.51.0\config_win\org.eclipse.equinox.launcher\org.eclipse.equinox.launcher.win32.win32.x86_64_1.2.1400.v20250801-0854;C:\Users\Diksha pathak\AppData\Local\Temp\jna-1959891433

VM Arguments:
jvm_args: --add-modules=ALL-SYSTEM --add-opens=java.base/java.util=ALL-UNNAMED --add-opens=java.base/java.lang=ALL-UNNAMED --add-opens=java.base/sun.nio.fs=ALL-UNNAMED -Declipse.application=org.eclipse.jdt.ls.core.id1 -Dosgi.bundles.defaultStartLevel=4 -Declipse.product=org.eclipse.jdt.ls.core.product -Djava.import.generatesMetadataFilesAtProjectRoot=false -DDetectVMInstallationsJob.disabled=true -Dfile.encoding=utf8 -XX:+UseParallelGC -XX:GCTimeRatio=4 -XX:AdaptiveSizePolicyWeight=90 -Dsun.zip.disableMemoryMapping=true -Xmx2G -Xms100m -Xlog:disable -javaagent:c:\Users\Diksha pathak\.vscode\extensions\redhat.java-1.51.0-win32-x64\lombok\lombok-1.18.39-4050.jar -XX:+HeapDumpOnOutOfMemoryError -XX:HeapDumpPath=c:\Users\Diksha pathak\AppData\Roaming\Code\User\workspaceStorage\f3a4fa44ba94903f58649837180ef355\redhat.java -Daether.dependencyCollector.impl=bf 
java_command: c:\Users\Diksha pathak\.vscode\extensions\redhat.java-1.51.0-win32-x64\server\plugins\org.eclipse.equinox.launcher_1.7.100.v20251111-0406.jar -configuration c:\Users\Diksha pathak\AppData\Roaming\Code\User\globalStorage\redhat.java\1.51.0\config_win -data c:\Users\Diksha pathak\AppData\Roaming\Code\User\workspaceStorage\f3a4fa44ba94903f58649837180ef355\redhat.java\jdt_ws --pipe=\\.\pipe\lsp-bfaa6ee5a82a2cd200495de7d6738441-sock
java_class_path (initial): c:\Users\Diksha pathak\.vscode\extensions\redhat.java-1.51.0-win32-x64\server\plugins\org.eclipse.equinox.launcher_1.7.100.v20251111-0406.jar
Launcher Type: SUN_STANDARD

[Global flags]
    uintx AdaptiveSizePolicyWeight                 = 90                                        {product} {command line}
     intx CICompilerCount                          = 4                                         {product} {ergonomic}
    uintx GCTimeRatio                              = 4                                         {product} {command line}
     bool HeapDumpOnOutOfMemoryError               = true                                   {manageable} {command line}
    ccstr HeapDumpPath                             = c:\Users\Diksha pathak\AppData\Roaming\Code\User\workspaceStorage\f3a4fa44ba94903f58649837180ef355\redhat.java         {manageable} {command line}
   size_t InitialHeapSize                          = 104857600                                 {product} {command line}
   size_t MaxHeapSize                              = 2147483648                                {product} {command line}
   size_t MaxNewSize                               = 715653120                                 {product} {ergonomic}
   size_t MinHeapDeltaBytes                        = 524288                                    {product} {ergonomic}
   size_t MinHeapSize                              = 104857600                                 {product} {command line}
   size_t NewSize                                  = 34603008                                  {product} {ergonomic}
    uintx NonNMethodCodeHeapSize                   = 5839372                                {pd product} {ergonomic}
    uintx NonProfiledCodeHeapSize                  = 122909434                              {pd product} {ergonomic}
   size_t OldSize                                  = 70254592                                  {product} {ergonomic}
    uintx ProfiledCodeHeapSize                     = 122909434                              {pd product} {ergonomic}
    uintx ReservedCodeCacheSize                    = 251658240                              {pd product} {ergonomic}
     bool SegmentedCodeCache                       = true                                      {product} {ergonomic}
   size_t SoftMaxHeapSize                          = 2147483648                             {manageable} {ergonomic}
     bool UseCompressedOops                        = true                           {product lp64_product} {ergonomic}
     bool UseLargePagesIndividualAllocation        = false                                  {pd product} {ergonomic}
     bool UseParallelGC                            = true                                      {product} {command line}

Logging:
Log output configuration:
 #0: stdout all=off uptime,level,tags foldmultilines=false
 #1: stderr all=off uptime,level,tags foldmultilines=false

Release file:
JAVA_VERSION="21.0.9" 
MODULES="java.base java.compiler java.datatransfer java.xml java.prefs java.desktop java.instrument java.logging java.management java.security.sasl java.naming java.rmi java.management.rmi java.net.http java.scripting java.security.jgss java.transaction.xa java.sql java.sql.rowset java.xml.crypto java.se java.smartcardio jdk.accessibility jdk.internal.jvmstat jdk.attach jdk.charsets jdk.internal.opt jdk.zipfs jdk.compiler jdk.crypto.ec jdk.crypto.cryptoki jdk.crypto.mscapi jdk.dynalink jdk.internal.ed jdk.editpad jdk.hotspot.agent jdk.httpserver jdk.internal.le jdk.internal.vm.ci jdk.internal.vm.compiler jdk.internal.vm.compiler.management jdk.jartool jdk.javadoc jdk.jcmd jdk.management jdk.management.agent jdk.jconsole jdk.jdeps jdk.jdwp.agent jdk.jdi jdk.jfr jdk.jshell jdk.jsobject jdk.jstatd jdk.localedata jdk.management.jfr jdk.naming.dns jdk.naming.rmi jdk.net jdk.nio.mapmode jdk.random jdk.sctp jdk.security.auth jdk.security.jgss jdk.unsupported jdk.unsupported.desktop jdk.xml.dom" 

Environment Variables:
PATH=C:\Program Files\Common Files\Oracle\Java\javapath;C:\Windows\system32;C:\Windows;C:\Windows\System32\Wbem;C:\Windows\System32\WindowsPowerShell\v1.0\;C:\Windows\System32\OpenSSH\;C:\Program Files\Java\jdk-24\bin;C:\Program Files\Git\cmd;C:\Program Files\nodejs\;C:\Users\Diksha pathak\AppData\Local\Microsoft\WindowsApps;C:\Users\Diksha pathak\AppData\Local\Programs\Microsoft VS Code\bin;C:\Users\Diksha pathak\AppData\Roaming\npm
USERNAME=Diksha pathak
OS=Windows_NT
PROCESSOR_IDENTIFIER=Intel64 Family 6 Model 154 Stepping 3, GenuineIntel
TMP=C:\Users\DIKSHA~1\AppData\Local\Temp
TEMP=C:\Users\DIKSHA~1\AppData\Local\Temp




Periodic native trim disabled

---------------  S Y S T E M  ---------------

OS:
 Windows 11 , 64 bit Build 26100 (10.0.26100.5074)
OS uptime: 48 days 16:52 hours
Hyper-V role detected

CPU: total 12 (initial active 12) (6 cores per cpu, 2 threads per core) family 6 model 154 stepping 3 microcode 0x430, cx8, cmov, fxsr, ht, mmx, 3dnowpref, sse, sse2, sse3, ssse3, sse4.1, sse4.2, popcnt, lzcnt, tsc, tscinvbit, avx, avx2, aes, erms, clmul, bmi1, bmi2, adx, sha, fma, vzeroupper, clflush, clflushopt, clwb, hv, serialize, rdtscp, rdpid, fsrm, f16c, cet_ibt, cet_ss
Processor Information for processor 0
  Max Mhz: 2000, Current Mhz: 1520, Mhz Limit: 2000
Processor Information for processor 1
  Max Mhz: 2000, Current Mhz: 1520, Mhz Limit: 2000
Processor Information for processor 2
  Max Mhz: 2000, Current Mhz: 2000, Mhz Limit: 2000
Processor Information for processor 3
  Max Mhz: 2000, Current Mhz: 1520, Mhz Limit: 2000
Processor Information for processor 4
  Max Mhz: 2000, Current Mhz: 2000, Mhz Limit: 2000
Processor Information for processor 5
  Max Mhz: 2000, Current Mhz: 1520, Mhz Limit: 2000
Processor Information for processor 6
  Max Mhz: 2000, Current Mhz: 2000, Mhz Limit: 2000
Processor Information for processor 7
  Max Mhz: 2000, Current Mhz: 1520, Mhz Limit: 2000
Processor Information for processor 8
  Max Mhz: 2000, Current Mhz: 1500, Mhz Limit: 1500
Processor Information for processor 9
  Max Mhz: 2000, Current Mhz: 1500, Mhz Limit: 1500
Processor Information for processor 10
  Max Mhz: 2000, Current Mhz: 1500, Mhz Limit: 1500
Processor Information for processor 11
  Max Mhz: 2000, Current Mhz: 1500, Mhz Limit: 1500

Memory: 4k page, system-wide physical 12021M (1333M free)
TotalPageFile size 13045M (AvailPageFile size 3M)
current process WorkingSet (physical memory assigned to process): 1341M, peak: 1343M
current process commit charge ("private bytes"): 1393M, peak: 1400M

vm_info: OpenJDK 64-Bit Server VM (21.0.9+10-LTS) for windows-amd64 JRE (21.0.9+10-LTS), built on 2025-10-21T00:00:00Z by "admin" with unknown MS VC++:1942

END.
