#
# There is insufficient memory for the Java Runtime Environment to continue.
# Native memory allocation (mmap) failed to map 197132288 bytes. Error detail: G1 virtual space
# Possible reasons:
#   The system is out of physical RAM or swap space
#   This process is running with CompressedOops enabled, and the Java Heap may be blocking the growth of the native heap
# Possible solutions:
#   Reduce memory load on the system
#   Increase physical memory or swap space
#   Check if swap backing store is full
#   Decrease Java heap size (-Xmx/-Xms)
#   Decrease number of Java threads
#   Decrease Java thread stack sizes (-Xss)
#   Set larger code cache with -XX:ReservedCodeCacheSize=
#   JVM is running with Zero Based Compressed Oops mode in which the Java heap is
#     placed in the first 32GB address space. The Java Heap base address is the
#     maximum limit for the native heap growth. Please use -XX:HeapBaseMinAddress
#     to set the Java Heap base and to place the Java Heap above 32GB virtual address.
# This output file may be truncated or incomplete.
#
#  Out of Memory Error (os_windows.cpp:3564), pid=19840, tid=9940
#
# JRE version:  (24.0+36) (build )
# Java VM: Java HotSpot(TM) 64-Bit Server VM (24+36-3646, mixed mode, sharing, tiered, compressed oops, compressed class ptrs, g1 gc, windows-amd64)
# No core dump will be written. Minidumps are not enabled by default on client versions of Windows
#

---------------  S U M M A R Y ------------

Command Line: -XX:+ShowCodeDetailsInExceptionMessages DeletingANode

Host: 12th Gen Intel(R) Core(TM) i5-12450H, 12 cores, 11G,  Windows 11 , 64 bit Build 26100 (10.0.26100.5074)
Time: Wed Jan 21 12:36:12 2026 India Standard Time elapsed time: 2.092248 seconds (0d 0h 0m 2s)

---------------  T H R E A D  ---------------

Current thread (0x000001973e70fc80):  JavaThread "Unknown thread" [_thread_in_vm, id=9940, stack(0x00000047e8d00000,0x00000047e8e00000) (1024K)]

Stack: [0x00000047e8d00000,0x00000047e8e00000]
Native frames: (J=compiled Java code, j=interpreted, Vv=VM code, C=native code)
V  [jvm.dll+0x7308c9]  (no source info available)
V  [jvm.dll+0x8d9ca3]  (no source info available)
V  [jvm.dll+0x8dc13d]  (no source info available)
V  [jvm.dll+0x8dc7b3]  (no source info available)
V  [jvm.dll+0x2aa046]  (no source info available)
V  [jvm.dll+0x72cdf5]  (no source info available)
V  [jvm.dll+0x72091a]  (no source info available)
V  [jvm.dll+0x390d8a]  (no source info available)
V  [jvm.dll+0x398a96]  (no source info available)
V  [jvm.dll+0x3852de]  (no source info available)
V  [jvm.dll+0x385598]  (no source info available)
V  [jvm.dll+0x35d16c]  (no source info available)
V  [jvm.dll+0x35de2d]  (no source info available)
V  [jvm.dll+0x89d41f]  (no source info available)
V  [jvm.dll+0x3f98fd]  (no source info available)
V  [jvm.dll+0x885a76]  (no source info available)
V  [jvm.dll+0x49604e]  (no source info available)
V  [jvm.dll+0x497e21]  (no source info available)
C  [jli.dll+0x52a1]  (no source info available)
C  [ucrtbase.dll+0x37b0]  (no source info available)
C  [KERNEL32.DLL+0x2e8d7]  (no source info available)
C  [ntdll.dll+0x8d9c]  (no source info available)

Lock stack of current Java thread (top to bottom):


---------------  P R O C E S S  ---------------

Threads class SMR info:
_java_thread_list=0x00007fff1acef318, length=0, elements={
}

Java Threads: ( => current thread )
Total: 0

Other Threads:
  0x000001973ebdb9b0 WorkerThread "GC Thread#0"                     [id=13656, stack(0x00000047e8e00000,0x00000047e8f00000) (1024K)]
  0x000001973ebedb60 ConcurrentGCThread "G1 Main Marker"            [id=7248, stack(0x00000047e8f00000,0x00000047e9000000) (1024K)]
  0x000001973ebee670 WorkerThread "G1 Conc#0"                       [id=23420, stack(0x00000047e9000000,0x00000047e9100000) (1024K)]

[error occurred during error reporting (printing all threads), id 0xc0000005, EXCEPTION_ACCESS_VIOLATION (0xc0000005) at pc=0x00007fff1a42158a]
VM state: not at safepoint (not fully initialized)

VM Mutex/Monitor currently owned by a thread:  ([mutex/lock_event])
[0x00007fff1ad745c0] Heap_lock - owner thread: 0x000001973e70fc80

Heap address: 0x0000000744200000, size: 3006 MB, Compressed Oops mode: Zero based, Oop shift amount: 3

CDS archive(s) mapped at: [0x0000000000000000-0x0000000000000000-0x0000000000000000), size 0, SharedBaseAddress: 0x0000000800000000, ArchiveRelocationMode: 1.
UseCompressedClassPointers 1, UseCompactObjectHeaders 0
Narrow klass pointer bits 32, Max shift 3
Narrow klass base: 0xffffffffffffffff, Narrow klass shift: -1
Encoding Range: [0xffffffffffffffff - 0x000000007fffffff), (2147483648 bytes)
Klass Range:    [0x0000000000000000 - 0x0000000000000000), (0 bytes)
Klass ID Range:  [4294967295 - 0) (1)

GC Precious Log:
 CardTable entry size: 512
 Card Set container configuration: InlinePtr #cards 4 size 8 Array Of Cards #cards 16 size 48 Howl #buckets 8 coarsen threshold 3686 Howl Bitmap #cards 512 size 80 coarsen threshold 460 Card regions per heap region 1 cards per card region 4096

Heap:
 garbage-first heap   total reserved 3078144K, committed 0K, used 0K [0x0000000744200000, 0x0000000800000000)
  region size 2048K, 0 young (0K), 0 survivors (0K)

[error occurred during error reporting (printing heap information), id 0xc0000005, EXCEPTION_ACCESS_VIOLATION (0xc0000005) at pc=0x00007fff1a83e579]
GC Heap History (0 events):
No events

Dll operation events (1 events):
Event: 0.031 Loaded shared library C:\Program Files\Java\jdk-24\bin\java.dll

Deoptimization events (0 events):
No events

Classes loaded (0 events):
No events

Classes unloaded (0 events):
No events

Classes redefined (0 events):
No events

Internal exceptions (0 events):
No events

VM Operations (0 events):
No events

Memory protections (0 events):
No events

Nmethod flushes (0 events):
No events

Events (0 events):
No events


Dynamic libraries:
0x00007ff780320000 - 0x00007ff780330000 	C:\Program Files\Java\jdk-24\bin\java.exe
0x00007fffc3d40000 - 0x00007fffc3fa9000 	C:\Windows\SYSTEM32\ntdll.dll
0x00007fffc27a0000 - 0x00007fffc2869000 	C:\Windows\System32\KERNEL32.DLL
0x00007fffc1500000 - 0x00007fffc18f3000 	C:\Windows\System32\KERNELBASE.dll
0x00007fffc1000000 - 0x00007fffc114b000 	C:\Windows\System32\ucrtbase.dll
0x00007fffaa260000 - 0x00007fffaa276000 	C:\Program Files\Java\jdk-24\bin\jli.dll
0x00007fffaa240000 - 0x00007fffaa25b000 	C:\Program Files\Java\jdk-24\bin\VCRUNTIME140.dll
0x00007fffc21b0000 - 0x00007fffc2374000 	C:\Windows\System32\USER32.dll
0x00007fffc1ae0000 - 0x00007fffc1b07000 	C:\Windows\System32\win32u.dll
0x00007fffa4730000 - 0x00007fffa49c3000 	C:\Windows\WinSxS\amd64_microsoft.windows.common-controls_6595b64144ccf1df_6.0.26100.5074_none_3e0d6f78e32fd63f\COMCTL32.dll
0x00007fffc2e50000 - 0x00007fffc2e7b000 	C:\Windows\System32\GDI32.dll
0x00007fffc3810000 - 0x00007fffc38b9000 	C:\Windows\System32\msvcrt.dll
0x00007fffc0ed0000 - 0x00007fffc0ffd000 	C:\Windows\System32\gdi32full.dll
0x00007fffc19a0000 - 0x00007fffc1a43000 	C:\Windows\System32\msvcp_win.dll
0x00007fffc3cc0000 - 0x00007fffc3cef000 	C:\Windows\System32\IMM32.DLL
0x00007fffaa230000 - 0x00007fffaa23c000 	C:\Program Files\Java\jdk-24\bin\vcruntime140_1.dll
0x00007fff65700000 - 0x00007fff6578e000 	C:\Program Files\Java\jdk-24\bin\msvcp140.dll
0x00007fff1a0b0000 - 0x00007fff1ae52000 	C:\Program Files\Java\jdk-24\bin\server\jvm.dll
0x00007fffc2a10000 - 0x00007fffc2ac4000 	C:\Windows\System32\ADVAPI32.dll
0x00007fffc3910000 - 0x00007fffc39b6000 	C:\Windows\System32\sechost.dll
0x00007fffc2090000 - 0x00007fffc21a8000 	C:\Windows\System32\RPCRT4.dll
0x00007fffc3bb0000 - 0x00007fffc3c24000 	C:\Windows\System32\WS2_32.dll
0x00007fffc0d30000 - 0x00007fffc0d8e000 	C:\Windows\SYSTEM32\POWRPROF.dll
0x00007fffb8400000 - 0x00007fffb8435000 	C:\Windows\SYSTEM32\WINMM.dll
0x00007fffb80b0000 - 0x00007fffb80bb000 	C:\Windows\SYSTEM32\VERSION.dll
0x00007fffc0d10000 - 0x00007fffc0d24000 	C:\Windows\SYSTEM32\UMPDC.dll
0x00007fffbfcb0000 - 0x00007fffbfccb000 	C:\Windows\SYSTEM32\kernel.appcore.dll
0x00007fffaa220000 - 0x00007fffaa22a000 	C:\Program Files\Java\jdk-24\bin\jimage.dll
0x00007fffbe0b0000 - 0x00007fffbe2f2000 	C:\Windows\SYSTEM32\DBGHELP.DLL
0x00007fffc2ad0000 - 0x00007fffc2e4b000 	C:\Windows\System32\combase.dll
0x00007fffc2380000 - 0x00007fffc2457000 	C:\Windows\System32\OLEAUT32.dll
0x00007fff88850000 - 0x00007fff8888d000 	C:\Windows\SYSTEM32\dbgcore.DLL
0x00007fffc1900000 - 0x00007fffc1999000 	C:\Windows\System32\bcryptPrimitives.dll
0x00007fffa9ee0000 - 0x00007fffa9efe000 	C:\Program Files\Java\jdk-24\bin\java.dll
0x00007fffc2870000 - 0x00007fffc2a08000 	C:\Windows\System32\ole32.dll
0x00007fffc2e80000 - 0x00007fffc35cd000 	C:\Windows\System32\SHELL32.dll
0x00007fffc1150000 - 0x00007fffc12bc000 	C:\Windows\System32\wintypes.dll

dbghelp: loaded successfully - version: 4.0.5 - missing functions: none
symbol engine: initialized successfully - sym options: 0x614 - pdb path: .;C:\Program Files\Java\jdk-24\bin;C:\Windows\SYSTEM32;C:\Windows\WinSxS\amd64_microsoft.windows.common-controls_6595b64144ccf1df_6.0.26100.5074_none_3e0d6f78e32fd63f;C:\Program Files\Java\jdk-24\bin\server

VM Arguments:
jvm_args: -XX:+ShowCodeDetailsInExceptionMessages 
java_command: DeletingANode
java_class_path (initial): C:\Users\Diksha pathak\AppData\Roaming\Code\User\workspaceStorage\f3a4fa44ba94903f58649837180ef355\redhat.java\jdt_ws\Stivers_7068e328\bin
Launcher Type: SUN_STANDARD

[Global flags]
     intx CICompilerCount                          = 4                                         {product} {ergonomic}
     uint ConcGCThreads                            = 3                                         {product} {ergonomic}
     uint G1ConcRefinementThreads                  = 10                                        {product} {ergonomic}
   size_t G1HeapRegionSize                         = 2097152                                   {product} {ergonomic}
   size_t InitialHeapSize                          = 197132288                                 {product} {ergonomic}
   size_t MarkStackSize                            = 4194304                                   {product} {ergonomic}
   size_t MarkStackSizeMax                         = 536870912                                 {product} {ergonomic}
   size_t MaxHeapSize                              = 3152019456                                {product} {ergonomic}
   size_t MinHeapDeltaBytes                        = 2097152                                   {product} {ergonomic}
   size_t MinHeapSize                              = 8388608                                   {product} {ergonomic}
    uintx NonNMethodCodeHeapSize                   = 5832704                                {pd product} {ergonomic}
    uintx NonProfiledCodeHeapSize                  = 122945536                              {pd product} {ergonomic}
    uintx ProfiledCodeHeapSize                     = 122880000                              {pd product} {ergonomic}
    uintx ReservedCodeCacheSize                    = 251658240                              {pd product} {ergonomic}
     bool SegmentedCodeCache                       = true                                      {product} {ergonomic}
     bool ShowCodeDetailsInExceptionMessages       = true                                   {manageable} {command line}
   size_t SoftMaxHeapSize                          = 3152019456                             {manageable} {ergonomic}
     bool UseCompressedOops                        = true                           {product lp64_product} {ergonomic}
     bool UseG1GC                                  = true                                      {product} {ergonomic}
     bool UseLargePagesIndividualAllocation        = false                                  {pd product} {ergonomic}

Logging:
Log output configuration:
 #0: stdout all=warning uptime,level,tags foldmultilines=false
 #1: stderr all=off uptime,level,tags foldmultilines=false

Environment Variables:
PATH=C:\Program Files\Common Files\Oracle\Java\javapath;C:\Windows\system32;C:\Windows;C:\Windows\System32\Wbem;C:\Windows\System32\WindowsPowerShell\v1.0\;C:\Windows\System32\OpenSSH\;C:\Program Files\Java\jdk-24\bin;C:\Program Files\Git\cmd;C:\Program Files\nodejs\;C:\Users\Diksha pathak\AppData\Local\Microsoft\WindowsApps;C:\Users\Diksha pathak\AppData\Local\Programs\Microsoft VS Code\bin;C:\Users\Diksha pathak\AppData\Roaming\npm;c:\Users\Diksha pathak\.vscode\extensions\vscjava.vscode-java-debug-0.58.5\bundled\scripts\noConfigScripts
USERNAME=Diksha pathak
LANG=en_US.UTF-8
OS=Windows_NT
PROCESSOR_IDENTIFIER=Intel64 Family 6 Model 154 Stepping 3, GenuineIntel
TMP=C:\Users\DIKSHA~1\AppData\Local\Temp
TEMP=C:\Users\DIKSHA~1\AppData\Local\Temp




Periodic native trim disabled

---------------  S Y S T E M  ---------------

OS:
 Windows 11 , 64 bit Build 26100 (10.0.26100.5074)
OS uptime: 48 days 17:56 hours
Hyper-V role detected

CPU: total 12 (initial active 12) (6 cores per cpu, 2 threads per core) family 6 model 154 stepping 3 microcode 0x430, cx8, cmov, fxsr, ht, mmx, 3dnowpref, sse, sse2, sse3, ssse3, sse4.1, sse4.2, popcnt, lzcnt, tsc, tscinvbit, avx, avx2, aes, erms, clmul, bmi1, bmi2, adx, sha, fma, vzeroupper, clflush, clflushopt, clwb, hv, serialize, rdtscp, rdpid, fsrm, gfni, f16c, cet_ibt, cet_ss
Processor Information for processor 0
  Max Mhz: 2000, Current Mhz: 2000, Mhz Limit: 2000
Processor Information for processor 1
  Max Mhz: 2000, Current Mhz: 2000, Mhz Limit: 2000
Processor Information for processor 2
  Max Mhz: 2000, Current Mhz: 2000, Mhz Limit: 2000
Processor Information for processor 3
  Max Mhz: 2000, Current Mhz: 1520, Mhz Limit: 2000
Processor Information for processor 4
  Max Mhz: 2000, Current Mhz: 2000, Mhz Limit: 2000
Processor Information for processor 5
  Max Mhz: 2000, Current Mhz: 2000, Mhz Limit: 2000
Processor Information for processor 6
  Max Mhz: 2000, Current Mhz: 2000, Mhz Limit: 2000
Processor Information for processor 7
  Max Mhz: 2000, Current Mhz: 2000, Mhz Limit: 2000
Processor Information for processor 8
  Max Mhz: 2000, Current Mhz: 1500, Mhz Limit: 1500
Processor Information for processor 9
  Max Mhz: 2000, Current Mhz: 1500, Mhz Limit: 1500
Processor Information for processor 10
  Max Mhz: 2000, Current Mhz: 1500, Mhz Limit: 1500
Processor Information for processor 11
  Max Mhz: 2000, Current Mhz: 1500, Mhz Limit: 1500

Memory: 4k page, system-wide physical 12021M (1511M free)
TotalPageFile size 13045M (AvailPageFile size 42M)
current process WorkingSet (physical memory assigned to process): 13M, peak: 13M
current process commit charge ("private bytes"): 65M, peak: 252M

vm_info: Java HotSpot(TM) 64-Bit Server VM (24+36-3646) for windows-amd64 JRE (24+36-3646), built on 2025-02-06T00:20:43Z with MS VC++ 17.6 (VS2022)

END.
